{"/home/travis/build/npmtest/node-npmtest-seriate/test.js":{"path":"/home/travis/build/npmtest/node-npmtest-seriate/test.js","s":{"1":2,"2":2,"3":2,"4":2,"5":2,"6":2,"7":2,"8":1,"9":2,"10":2,"11":1,"12":1,"13":1,"14":1,"15":2,"16":2,"17":2,"18":2,"19":1,"20":1,"21":2,"22":2,"23":2,"24":1,"25":1,"26":1,"27":1,"28":1,"29":1,"30":1,"31":1,"32":1,"33":1,"34":1,"35":1,"36":1,"37":1,"38":1,"39":2,"40":2,"41":1,"42":2,"43":2,"44":1,"45":2,"46":2,"47":1,"48":2,"49":2,"50":1,"51":1,"52":1,"53":1,"54":1},"b":{"1":[2,1,1,1],"2":[1,1,1,1],"3":[1,1],"4":[1,1],"5":[1,1],"6":[1,1],"7":[1,1],"8":[1,1],"9":[1,1],"10":[1,1,1],"11":[1,1],"12":[1,1],"13":[1,1],"14":[1,1],"15":[1,1],"16":[1,1],"17":[1,1]},"f":{"1":2,"2":2,"3":2,"4":2,"5":2,"6":1,"7":1,"8":1,"9":2,"10":2,"11":2,"12":2,"13":1},"fnMap":{"1":{"name":"(anonymous_1)","line":12,"loc":{"start":{"line":12,"column":1},"end":{"line":12,"column":13}}},"2":{"name":"(anonymous_2)","line":19,"loc":{"start":{"line":19,"column":5},"end":{"line":19,"column":17}}},"3":{"name":"(anonymous_3)","line":23,"loc":{"start":{"line":23,"column":24},"end":{"line":23,"column":36}}},"4":{"name":"(anonymous_4)","line":61,"loc":{"start":{"line":61,"column":5},"end":{"line":61,"column":17}}},"5":{"name":"(anonymous_5)","line":82,"loc":{"start":{"line":82,"column":5},"end":{"line":82,"column":17}}},"6":{"name":"(anonymous_6)","line":91,"loc":{"start":{"line":91,"column":77},"end":{"line":94,"column":10}}},"7":{"name":"(anonymous_7)","line":112,"loc":{"start":{"line":112,"column":83},"end":{"line":115,"column":10}},"skip":true},"8":{"name":"(anonymous_8)","line":123,"loc":{"start":{"line":123,"column":77},"end":{"line":126,"column":10}},"skip":true},"9":{"name":"(anonymous_9)","line":139,"loc":{"start":{"line":139,"column":12},"end":{"line":139,"column":40}},"skip":true},"10":{"name":"(anonymous_10)","line":147,"loc":{"start":{"line":147,"column":77},"end":{"line":150,"column":10}},"skip":true},"11":{"name":"(anonymous_11)","line":158,"loc":{"start":{"line":158,"column":83},"end":{"line":161,"column":10}},"skip":true},"12":{"name":"(anonymous_12)","line":169,"loc":{"start":{"line":169,"column":79},"end":{"line":172,"column":10}},"skip":true},"13":{"name":"(anonymous_13)","line":180,"loc":{"start":{"line":180,"column":75},"end":{"line":183,"column":10}},"skip":true}},"statementMap":{"1":{"start":{"line":12,"column":0},"end":{"line":195,"column":5}},"2":{"start":{"line":14,"column":4},"end":{"line":14,"column":14}},"3":{"start":{"line":19,"column":4},"end":{"line":56,"column":9}},"4":{"start":{"line":21,"column":8},"end":{"line":21,"column":19}},"5":{"start":{"line":23,"column":8},"end":{"line":35,"column":13}},"6":{"start":{"line":24,"column":12},"end":{"line":34,"column":13}},"7":{"start":{"line":25,"column":16},"end":{"line":28,"column":30}},"8":{"start":{"line":30,"column":16},"end":{"line":33,"column":27}},"9":{"start":{"line":37,"column":8},"end":{"line":39,"column":21}},"10":{"start":{"line":40,"column":8},"end":{"line":53,"column":9}},"11":{"start":{"line":43,"column":12},"end":{"line":46,"column":14}},"12":{"start":{"line":47,"column":12},"end":{"line":47,"column":18}},"13":{"start":{"line":50,"column":12},"end":{"line":51,"column":46}},"14":{"start":{"line":52,"column":12},"end":{"line":52,"column":18}},"15":{"start":{"line":55,"column":8},"end":{"line":55,"column":35}},"16":{"start":{"line":61,"column":4},"end":{"line":63,"column":9}},"17":{"start":{"line":62,"column":8},"end":{"line":62,"column":15}},"18":{"start":{"line":64,"column":4},"end":{"line":77,"column":5}},"19":{"start":{"line":70,"column":8},"end":{"line":70,"column":14}},"20":{"start":{"line":76,"column":8},"end":{"line":76,"column":14}},"21":{"start":{"line":82,"column":4},"end":{"line":84,"column":9}},"22":{"start":{"line":83,"column":8},"end":{"line":83,"column":15}},"23":{"start":{"line":85,"column":4},"end":{"line":194,"column":5}},"24":{"start":{"line":91,"column":8},"end":{"line":99,"column":10}},"25":{"start":{"line":98,"column":12},"end":{"line":98,"column":35}},"26":{"start":{"line":102,"column":8},"end":{"line":104,"column":63}},"27":{"start":{"line":105,"column":8},"end":{"line":105,"column":14}},"28":{"start":{"line":112,"column":8},"end":{"line":121,"column":10},"skip":true},"29":{"start":{"line":119,"column":12},"end":{"line":119,"column":55},"skip":true},"30":{"start":{"line":120,"column":12},"end":{"line":120,"column":48},"skip":true},"31":{"start":{"line":123,"column":8},"end":{"line":136,"column":10},"skip":true},"32":{"start":{"line":130,"column":12},"end":{"line":130,"column":76},"skip":true},"33":{"start":{"line":131,"column":12},"end":{"line":131,"column":73},"skip":true},"34":{"start":{"line":132,"column":12},"end":{"line":132,"column":74},"skip":true},"35":{"start":{"line":133,"column":12},"end":{"line":133,"column":79},"skip":true},"36":{"start":{"line":134,"column":12},"end":{"line":134,"column":25},"skip":true},"37":{"start":{"line":135,"column":12},"end":{"line":135,"column":45},"skip":true},"38":{"start":{"line":138,"column":8},"end":{"line":145,"column":14},"skip":true},"39":{"start":{"line":143,"column":16},"end":{"line":143,"column":29},"skip":true},"40":{"start":{"line":144,"column":16},"end":{"line":144,"column":55},"skip":true},"41":{"start":{"line":147,"column":8},"end":{"line":156,"column":10},"skip":true},"42":{"start":{"line":154,"column":12},"end":{"line":154,"column":25},"skip":true},"43":{"start":{"line":155,"column":12},"end":{"line":155,"column":45},"skip":true},"44":{"start":{"line":158,"column":8},"end":{"line":167,"column":10},"skip":true},"45":{"start":{"line":165,"column":12},"end":{"line":165,"column":25},"skip":true},"46":{"start":{"line":166,"column":12},"end":{"line":166,"column":48},"skip":true},"47":{"start":{"line":169,"column":8},"end":{"line":178,"column":10},"skip":true},"48":{"start":{"line":176,"column":12},"end":{"line":176,"column":25},"skip":true},"49":{"start":{"line":177,"column":12},"end":{"line":177,"column":46},"skip":true},"50":{"start":{"line":180,"column":8},"end":{"line":189,"column":10},"skip":true},"51":{"start":{"line":187,"column":12},"end":{"line":187,"column":94},"skip":true},"52":{"start":{"line":188,"column":12},"end":{"line":188,"column":48},"skip":true},"53":{"start":{"line":192,"column":8},"end":{"line":192,"column":35},"skip":true},"54":{"start":{"line":193,"column":8},"end":{"line":193,"column":14},"skip":true}},"branchMap":{"1":{"line":25,"type":"binary-expr","locations":[{"start":{"line":25,"column":23},"end":{"line":25,"column":62}},{"start":{"line":26,"column":20},"end":{"line":26,"column":70}},{"start":{"line":27,"column":20},"end":{"line":27,"column":71}},{"start":{"line":28,"column":20},"end":{"line":28,"column":29}}]},"2":{"line":30,"type":"binary-expr","locations":[{"start":{"line":30,"column":23},"end":{"line":30,"column":37}},{"start":{"line":31,"column":20},"end":{"line":31,"column":61}},{"start":{"line":32,"column":20},"end":{"line":32,"column":70}},{"start":{"line":33,"column":20},"end":{"line":33,"column":26}}]},"3":{"line":37,"type":"cond-expr","locations":[{"start":{"line":38,"column":14},"end":{"line":38,"column":20}},{"start":{"line":39,"column":14},"end":{"line":39,"column":20}}]},"4":{"line":40,"type":"switch","locations":[{"start":{"line":42,"column":8},"end":{"line":47,"column":18}},{"start":{"line":49,"column":8},"end":{"line":52,"column":18}}]},"5":{"line":44,"type":"binary-expr","locations":[{"start":{"line":44,"column":16},"end":{"line":44,"column":44}},{"start":{"line":44,"column":48},"end":{"line":44,"column":66}}]},"6":{"line":50,"type":"binary-expr","locations":[{"start":{"line":50,"column":21},"end":{"line":50,"column":49}},{"start":{"line":50,"column":53},"end":{"line":50,"column":72}}]},"7":{"line":64,"type":"switch","locations":[{"start":{"line":69,"column":4},"end":{"line":70,"column":14}},{"start":{"line":75,"column":4},"end":{"line":76,"column":14}}]},"8":{"line":85,"type":"switch","locations":[{"start":{"line":90,"column":4},"end":{"line":105,"column":14}},{"start":{"line":111,"column":4},"end":{"line":193,"column":14},"skip":true}]},"9":{"line":91,"type":"binary-expr","locations":[{"start":{"line":91,"column":42},"end":{"line":91,"column":73}},{"start":{"line":91,"column":77},"end":{"line":99,"column":9}}]},"10":{"line":102,"type":"binary-expr","locations":[{"start":{"line":102,"column":18},"end":{"line":102,"column":32}},{"start":{"line":103,"column":12},"end":{"line":103,"column":53}},{"start":{"line":104,"column":12},"end":{"line":104,"column":61}}]},"11":{"line":112,"type":"binary-expr","locations":[{"start":{"line":112,"column":45},"end":{"line":112,"column":79},"skip":true},{"start":{"line":112,"column":83},"end":{"line":121,"column":9},"skip":true}]},"12":{"line":123,"type":"binary-expr","locations":[{"start":{"line":123,"column":42},"end":{"line":123,"column":73},"skip":true},{"start":{"line":123,"column":77},"end":{"line":136,"column":9},"skip":true}]},"13":{"line":138,"type":"binary-expr","locations":[{"start":{"line":138,"column":48},"end":{"line":138,"column":85},"skip":true},{"start":{"line":139,"column":12},"end":{"line":145,"column":13},"skip":true}]},"14":{"line":147,"type":"binary-expr","locations":[{"start":{"line":147,"column":42},"end":{"line":147,"column":73},"skip":true},{"start":{"line":147,"column":77},"end":{"line":156,"column":9},"skip":true}]},"15":{"line":158,"type":"binary-expr","locations":[{"start":{"line":158,"column":45},"end":{"line":158,"column":79},"skip":true},{"start":{"line":158,"column":83},"end":{"line":167,"column":9},"skip":true}]},"16":{"line":169,"type":"binary-expr","locations":[{"start":{"line":169,"column":43},"end":{"line":169,"column":75},"skip":true},{"start":{"line":169,"column":79},"end":{"line":178,"column":9},"skip":true}]},"17":{"line":180,"type":"binary-expr","locations":[{"start":{"line":180,"column":41},"end":{"line":180,"column":71},"skip":true},{"start":{"line":180,"column":75},"end":{"line":189,"column":9},"skip":true}]}},"code":["/* istanbul instrument in package npmtest_seriate */","/*jslint","    bitwise: true,","    browser: true,","    maxerr: 8,","    maxlen: 96,","    node: true,","    nomen: true,","    regexp: true,","    stupid: true","*/","(function () {","    'use strict';","    var local;","","","","    // run shared js-env code - pre-init","    (function () {","        // init local","        local = {};","        // init modeJs","        local.modeJs = (function () {","            try {","                return typeof navigator.userAgent === 'string' &&","                    typeof document.querySelector('body') === 'object' &&","                    typeof XMLHttpRequest.prototype.open === 'function' &&","                    'browser';","            } catch (errorCaughtBrowser) {","                return module.exports &&","                    typeof process.versions.node === 'string' &&","                    typeof require('http').createServer === 'function' &&","                    'node';","            }","        }());","        // init global","        local.global = local.modeJs === 'browser'","            ? window","            : global;","        switch (local.modeJs) {","        // re-init local from window.local","        case 'browser':","            local = local.global.utility2.objectSetDefault(","                local.global.utility2_rollup || local.global.local,","                local.global.utility2","            );","            break;","        // re-init local from example.js","        case 'node':","            local = (local.global.utility2_rollup || require('utility2'))","                .requireExampleJsFromReadme();","            break;","        }","        // export local","        local.global.local = local;","    }());","","","","    // run shared js-env code - function","    (function () {","        return;","    }());","    switch (local.modeJs) {","","","","    // run browser js-env code - function","    case 'browser':","        break;","","","","    // run node js-env code - function","    case 'node':","        break;","    }","","","","    // run shared js-env code - post-init","    (function () {","        return;","    }());","    switch (local.modeJs) {","","","","    // run browser js-env code - post-init","    case 'browser':","        local.testCase_browser_nullCase = local.testCase_browser_nullCase || function (","            options,","            onError","        ) {","        /*","         * this function will test browsers's null-case handling-behavior-behavior","         */","            onError(null, options);","        };","","        // run tests","        local.nop(local.modeTest &&","            document.querySelector('#testRunButton1') &&","            document.querySelector('#testRunButton1').click());","        break;","","","","    // run node js-env code - post-init","    /* istanbul ignore next */","    case 'node':","        local.testCase_buildApidoc_default = local.testCase_buildApidoc_default || function (","            options,","            onError","        ) {","        /*","         * this function will test buildApidoc's default handling-behavior-behavior","         */","            options = { modulePathList: module.paths };","            local.buildApidoc(options, onError);","        };","","        local.testCase_buildApp_default = local.testCase_buildApp_default || function (","            options,","            onError","        ) {","        /*","         * this function will test buildApp's default handling-behavior-behavior","         */","            local.testCase_buildReadme_default(options, local.onErrorThrow);","            local.testCase_buildLib_default(options, local.onErrorThrow);","            local.testCase_buildTest_default(options, local.onErrorThrow);","            local.testCase_buildCustomOrg_default(options, local.onErrorThrow);","            options = [];","            local.buildApp(options, onError);","        };","","        local.testCase_buildCustomOrg_default = local.testCase_buildCustomOrg_default ||","            function (options, onError) {","            /*","             * this function will test buildCustomOrg's default handling-behavior","             */","                options = {};","                local.buildCustomOrg(options, onError);","            };","","        local.testCase_buildLib_default = local.testCase_buildLib_default || function (","            options,","            onError","        ) {","        /*","         * this function will test buildLib's default handling-behavior","         */","            options = {};","            local.buildLib(options, onError);","        };","","        local.testCase_buildReadme_default = local.testCase_buildReadme_default || function (","            options,","            onError","        ) {","        /*","         * this function will test buildReadme's default handling-behavior-behavior","         */","            options = {};","            local.buildReadme(options, onError);","        };","","        local.testCase_buildTest_default = local.testCase_buildTest_default || function (","            options,","            onError","        ) {","        /*","         * this function will test buildTest's default handling-behavior","         */","            options = {};","            local.buildTest(options, onError);","        };","","        local.testCase_webpage_default = local.testCase_webpage_default || function (","            options,","            onError","        ) {","        /*","         * this function will test webpage's default handling-behavior","         */","            options = { modeCoverageMerge: true, url: local.serverLocalHost + '?modeTest=1' };","            local.browserTest(options, onError);","        };","","        // run test-server","        local.testRunServer(local);","        break;","    }","}());",""],"l":{"12":2,"14":2,"19":2,"21":2,"23":2,"24":2,"25":2,"30":1,"37":2,"40":2,"43":1,"47":1,"50":1,"52":1,"55":2,"61":2,"62":2,"64":2,"70":1,"76":1,"82":2,"83":2,"85":2,"91":1,"98":1,"102":1,"105":1,"112":1,"119":1,"120":1,"123":1,"130":1,"131":1,"132":1,"133":1,"134":1,"135":1,"138":1,"143":2,"144":2,"147":1,"154":2,"155":2,"158":1,"165":2,"166":2,"169":1,"176":2,"177":2,"180":1,"187":1,"188":1,"192":1,"193":1}},"/home/travis/build/npmtest/node-npmtest-seriate/lib.npmtest_seriate.js":{"path":"/home/travis/build/npmtest/node-npmtest-seriate/lib.npmtest_seriate.js","s":{"1":2,"2":2,"3":2,"4":2,"5":2,"6":2,"7":2,"8":1,"9":2,"10":2,"11":2,"12":2,"13":1,"14":1,"15":1,"16":1},"b":{"1":[2,1,1,1],"2":[1,1,1,1],"3":[1,1],"4":[2,2],"5":[1,1]},"f":{"1":2,"2":2,"3":2},"fnMap":{"1":{"name":"(anonymous_1)","line":12,"loc":{"start":{"line":12,"column":1},"end":{"line":12,"column":13}}},"2":{"name":"(anonymous_2)","line":19,"loc":{"start":{"line":19,"column":5},"end":{"line":19,"column":17}}},"3":{"name":"(anonymous_3)","line":23,"loc":{"start":{"line":23,"column":24},"end":{"line":23,"column":36}}}},"statementMap":{"1":{"start":{"line":12,"column":0},"end":{"line":53,"column":5}},"2":{"start":{"line":14,"column":4},"end":{"line":14,"column":14}},"3":{"start":{"line":19,"column":4},"end":{"line":52,"column":9}},"4":{"start":{"line":21,"column":8},"end":{"line":21,"column":19}},"5":{"start":{"line":23,"column":8},"end":{"line":35,"column":13}},"6":{"start":{"line":24,"column":12},"end":{"line":34,"column":13}},"7":{"start":{"line":25,"column":16},"end":{"line":28,"column":30}},"8":{"start":{"line":30,"column":16},"end":{"line":33,"column":27}},"9":{"start":{"line":37,"column":8},"end":{"line":39,"column":21}},"10":{"start":{"line":41,"column":8},"end":{"line":41,"column":54}},"11":{"start":{"line":43,"column":8},"end":{"line":43,"column":52}},"12":{"start":{"line":45,"column":8},"end":{"line":51,"column":9}},"13":{"start":{"line":46,"column":12},"end":{"line":46,"column":58}},"14":{"start":{"line":48,"column":12},"end":{"line":48,"column":35}},"15":{"start":{"line":49,"column":12},"end":{"line":49,"column":49}},"16":{"start":{"line":50,"column":12},"end":{"line":50,"column":43}}},"branchMap":{"1":{"line":25,"type":"binary-expr","locations":[{"start":{"line":25,"column":23},"end":{"line":25,"column":62}},{"start":{"line":26,"column":20},"end":{"line":26,"column":70}},{"start":{"line":27,"column":20},"end":{"line":27,"column":71}},{"start":{"line":28,"column":20},"end":{"line":28,"column":29}}]},"2":{"line":30,"type":"binary-expr","locations":[{"start":{"line":30,"column":23},"end":{"line":30,"column":37}},{"start":{"line":31,"column":20},"end":{"line":31,"column":61}},{"start":{"line":32,"column":20},"end":{"line":32,"column":70}},{"start":{"line":33,"column":20},"end":{"line":33,"column":26}}]},"3":{"line":37,"type":"cond-expr","locations":[{"start":{"line":38,"column":14},"end":{"line":38,"column":20}},{"start":{"line":39,"column":14},"end":{"line":39,"column":20}}]},"4":{"line":41,"type":"binary-expr","locations":[{"start":{"line":41,"column":16},"end":{"line":41,"column":44}},{"start":{"line":41,"column":48},"end":{"line":41,"column":53}}]},"5":{"line":45,"type":"if","locations":[{"start":{"line":45,"column":8},"end":{"line":45,"column":8}},{"start":{"line":45,"column":8},"end":{"line":45,"column":8}}]}},"code":["/* istanbul instrument in package npmtest_seriate */","/*jslint","    bitwise: true,","    browser: true,","    maxerr: 8,","    maxlen: 96,","    node: true,","    nomen: true,","    regexp: true,","    stupid: true","*/","(function () {","    'use strict';","    var local;","","","","    // run shared js-env code - pre-init","    (function () {","        // init local","        local = {};","        // init modeJs","        local.modeJs = (function () {","            try {","                return typeof navigator.userAgent === 'string' &&","                    typeof document.querySelector('body') === 'object' &&","                    typeof XMLHttpRequest.prototype.open === 'function' &&","                    'browser';","            } catch (errorCaughtBrowser) {","                return module.exports &&","                    typeof process.versions.node === 'string' &&","                    typeof require('http').createServer === 'function' &&","                    'node';","            }","        }());","        // init global","        local.global = local.modeJs === 'browser'","            ? window","            : global;","        // init utility2_rollup","        local = local.global.utility2_rollup || local;","        // init lib","        local.local = local.npmtest_seriate = local;","        // init exports","        if (local.modeJs === 'browser') {","            local.global.utility2_npmtest_seriate = local;","        } else {","            module.exports = local;","            module.exports.__dirname = __dirname;","            module.exports.module = module;","        }","    }());","}());",""],"l":{"12":2,"14":2,"19":2,"21":2,"23":2,"24":2,"25":2,"30":1,"37":2,"41":2,"43":2,"45":2,"46":1,"48":1,"49":1,"50":1}},"/home/travis/build/npmtest/node-npmtest-seriate/example.js":{"path":"/home/travis/build/npmtest/node-npmtest-seriate/example.js","s":{"1":2,"2":2,"3":2,"4":2,"5":2,"6":2,"7":2,"8":1,"9":2,"10":2,"11":2,"12":2,"13":1,"14":2,"15":2,"16":2,"17":2,"18":2,"19":0,"20":2,"21":1,"22":1,"23":1,"24":1,"25":1,"26":0,"27":0,"28":1,"29":1,"30":2,"31":0,"32":0,"33":0,"34":1,"35":2,"36":2,"37":3,"38":3,"39":3,"40":3,"41":0,"42":3,"43":3,"44":3,"45":1,"46":3,"47":1,"48":1,"49":1,"50":1,"51":1,"52":1,"53":1,"54":1,"55":1,"56":1,"57":0,"58":1,"59":6,"60":6,"61":1,"62":2,"63":0,"64":2,"65":1,"66":1,"67":0,"68":0,"69":0,"70":0,"71":0,"72":0,"73":0,"74":0,"75":0,"76":0,"77":0,"78":0,"79":0,"80":0,"81":0,"82":0,"83":0},"b":{"1":[2,1,1,1],"2":[1,1,1,1],"3":[1,1],"4":[2,2],"5":[1,1],"6":[1,1],"7":[2,0],"8":[2,1,1,1,1,1],"9":[0,2,0],"10":[1,1],"11":[2,1,1],"12":[1,0],"13":[0,2],"14":[2,0,0,0,0,0,0],"15":[0,3],"16":[3,0],"17":[1,1],"18":[0,1],"19":[1,2,0,2],"20":[1,0],"21":[1,1],"22":[0,0],"23":[0,0],"24":[0,0],"25":[0,0],"26":[0,0],"27":[0,0],"28":[0,0]},"f":{"1":2,"2":2,"3":2,"4":2,"5":2,"6":2,"7":3,"8":3,"9":3,"10":1,"11":6,"12":0},"fnMap":{"1":{"name":"(anonymous_1)","line":26,"loc":{"start":{"line":26,"column":1},"end":{"line":26,"column":13}}},"2":{"name":"(anonymous_2)","line":33,"loc":{"start":{"line":33,"column":5},"end":{"line":33,"column":17}}},"3":{"name":"(anonymous_3)","line":37,"loc":{"start":{"line":37,"column":24},"end":{"line":37,"column":36}}},"4":{"name":"(anonymous_4)","line":69,"loc":{"start":{"line":69,"column":31},"end":{"line":69,"column":48}},"skip":true},"5":{"name":"(anonymous_5)","line":78,"loc":{"start":{"line":78,"column":26},"end":{"line":78,"column":45}},"skip":true},"6":{"name":"(anonymous_6)","line":123,"loc":{"start":{"line":123,"column":33},"end":{"line":123,"column":48}},"skip":true},"7":{"name":"(anonymous_7)","line":125,"loc":{"start":{"line":125,"column":27},"end":{"line":125,"column":39}},"skip":true},"8":{"name":"(anonymous_8)","line":133,"loc":{"start":{"line":133,"column":59},"end":{"line":133,"column":74}},"skip":true},"9":{"name":"(anonymous_9)","line":143,"loc":{"start":{"line":143,"column":45},"end":{"line":143,"column":62}},"skip":true},"10":{"name":"(anonymous_10)","line":144,"loc":{"start":{"line":144,"column":73},"end":{"line":144,"column":92}},"skip":true},"11":{"name":"(anonymous_11)","line":272,"loc":{"start":{"line":272,"column":51},"end":{"line":272,"column":77}},"skip":true},"12":{"name":"(anonymous_12)","line":314,"loc":{"start":{"line":314,"column":32},"end":{"line":314,"column":61}},"skip":true}},"statementMap":{"1":{"start":{"line":26,"column":0},"end":{"line":325,"column":5}},"2":{"start":{"line":28,"column":4},"end":{"line":28,"column":14}},"3":{"start":{"line":33,"column":4},"end":{"line":60,"column":9}},"4":{"start":{"line":35,"column":8},"end":{"line":35,"column":19}},"5":{"start":{"line":37,"column":8},"end":{"line":49,"column":13}},"6":{"start":{"line":38,"column":12},"end":{"line":48,"column":13}},"7":{"start":{"line":39,"column":16},"end":{"line":42,"column":30}},"8":{"start":{"line":44,"column":16},"end":{"line":47,"column":27}},"9":{"start":{"line":51,"column":8},"end":{"line":53,"column":21}},"10":{"start":{"line":55,"column":8},"end":{"line":57,"column":45}},"11":{"start":{"line":59,"column":8},"end":{"line":59,"column":35}},"12":{"start":{"line":61,"column":4},"end":{"line":324,"column":5}},"13":{"start":{"line":69,"column":8},"end":{"line":121,"column":10},"skip":true},"14":{"start":{"line":70,"column":12},"end":{"line":88,"column":13},"skip":true},"15":{"start":{"line":76,"column":16},"end":{"line":87,"column":19},"skip":true},"16":{"start":{"line":79,"column":20},"end":{"line":86,"column":21},"skip":true},"17":{"start":{"line":82,"column":24},"end":{"line":82,"column":43},"skip":true},"18":{"start":{"line":83,"column":24},"end":{"line":83,"column":30},"skip":true},"19":{"start":{"line":85,"column":24},"end":{"line":85,"column":49},"skip":true},"20":{"start":{"line":89,"column":12},"end":{"line":107,"column":13},"skip":true},"21":{"start":{"line":92,"column":16},"end":{"line":102,"column":17},"skip":true},"22":{"start":{"line":93,"column":20},"end":{"line":93,"column":86},"skip":true},"23":{"start":{"line":94,"column":20},"end":{"line":95,"column":45},"skip":true},"24":{"start":{"line":96,"column":20},"end":{"line":96,"column":42},"skip":true},"25":{"start":{"line":97,"column":20},"end":{"line":97,"column":48},"skip":true},"26":{"start":{"line":100,"column":20},"end":{"line":100,"column":85},"skip":true},"27":{"start":{"line":101,"column":20},"end":{"line":101,"column":96},"skip":true},"28":{"start":{"line":103,"column":16},"end":{"line":103,"column":22},"skip":true},"29":{"start":{"line":106,"column":16},"end":{"line":106,"column":22},"skip":true},"30":{"start":{"line":108,"column":12},"end":{"line":120,"column":13},"skip":true},"31":{"start":{"line":114,"column":16},"end":{"line":119,"column":17},"skip":true},"32":{"start":{"line":116,"column":20},"end":{"line":116,"column":78},"skip":true},"33":{"start":{"line":118,"column":20},"end":{"line":118,"column":47},"skip":true},"34":{"start":{"line":123,"column":8},"end":{"line":141,"column":11},"skip":true},"35":{"start":{"line":124,"column":12},"end":{"line":124,"column":54},"skip":true},"36":{"start":{"line":125,"column":12},"end":{"line":140,"column":14},"skip":true},"37":{"start":{"line":126,"column":16},"end":{"line":126,"column":28},"skip":true},"38":{"start":{"line":127,"column":16},"end":{"line":127,"column":69},"skip":true},"39":{"start":{"line":128,"column":16},"end":{"line":128,"column":75},"skip":true},"40":{"start":{"line":129,"column":16},"end":{"line":131,"column":17},"skip":true},"41":{"start":{"line":130,"column":20},"end":{"line":130,"column":27},"skip":true},"42":{"start":{"line":133,"column":16},"end":{"line":137,"column":36},"skip":true},"43":{"start":{"line":134,"column":20},"end":{"line":136,"column":55},"skip":true},"44":{"start":{"line":139,"column":16},"end":{"line":139,"column":57},"skip":true},"45":{"start":{"line":143,"column":8},"end":{"line":147,"column":11},"skip":true},"46":{"start":{"line":144,"column":12},"end":{"line":146,"column":15},"skip":true},"47":{"start":{"line":145,"column":16},"end":{"line":145,"column":70},"skip":true},"48":{"start":{"line":149,"column":8},"end":{"line":149,"column":31},"skip":true},"49":{"start":{"line":150,"column":8},"end":{"line":150,"column":14},"skip":true},"50":{"start":{"line":158,"column":8},"end":{"line":158,"column":31},"skip":true},"51":{"start":{"line":160,"column":8},"end":{"line":160,"column":33},"skip":true},"52":{"start":{"line":161,"column":8},"end":{"line":161,"column":37},"skip":true},"53":{"start":{"line":162,"column":8},"end":{"line":162,"column":35},"skip":true},"54":{"start":{"line":164,"column":8},"end":{"line":164,"column":50},"skip":true},"55":{"start":{"line":166,"column":8},"end":{"line":256,"column":2},"skip":true},"56":{"start":{"line":258,"column":8},"end":{"line":286,"column":9},"skip":true},"57":{"start":{"line":259,"column":12},"end":{"line":269,"column":14},"skip":true},"58":{"start":{"line":271,"column":12},"end":{"line":285,"column":19},"skip":true},"59":{"start":{"line":274,"column":20},"end":{"line":274,"column":35},"skip":true},"60":{"start":{"line":275,"column":20},"end":{"line":284,"column":21},"skip":true},"61":{"start":{"line":277,"column":24},"end":{"line":277,"column":64},"skip":true},"62":{"start":{"line":279,"column":24},"end":{"line":279,"column":40},"skip":true},"63":{"start":{"line":281,"column":24},"end":{"line":281,"column":40},"skip":true},"64":{"start":{"line":283,"column":24},"end":{"line":283,"column":39},"skip":true},"65":{"start":{"line":288,"column":8},"end":{"line":290,"column":9},"skip":true},"66":{"start":{"line":289,"column":12},"end":{"line":289,"column":18},"skip":true},"67":{"start":{"line":291,"column":8},"end":{"line":293,"column":54},"skip":true},"68":{"start":{"line":294,"column":8},"end":{"line":301,"column":37},"skip":true},"69":{"start":{"line":302,"column":8},"end":{"line":302,"column":82},"skip":true},"70":{"start":{"line":305,"column":8},"end":{"line":307,"column":9},"skip":true},"71":{"start":{"line":306,"column":12},"end":{"line":306,"column":82},"skip":true},"72":{"start":{"line":309,"column":8},"end":{"line":311,"column":9},"skip":true},"73":{"start":{"line":310,"column":12},"end":{"line":310,"column":18},"skip":true},"74":{"start":{"line":312,"column":8},"end":{"line":312,"column":54},"skip":true},"75":{"start":{"line":313,"column":8},"end":{"line":313,"column":69},"skip":true},"76":{"start":{"line":314,"column":8},"end":{"line":322,"column":36},"skip":true},"77":{"start":{"line":315,"column":12},"end":{"line":315,"column":61},"skip":true},"78":{"start":{"line":316,"column":12},"end":{"line":319,"column":13},"skip":true},"79":{"start":{"line":317,"column":16},"end":{"line":317,"column":75},"skip":true},"80":{"start":{"line":318,"column":16},"end":{"line":318,"column":23},"skip":true},"81":{"start":{"line":320,"column":12},"end":{"line":320,"column":38},"skip":true},"82":{"start":{"line":321,"column":12},"end":{"line":321,"column":27},"skip":true},"83":{"start":{"line":323,"column":8},"end":{"line":323,"column":14},"skip":true}},"branchMap":{"1":{"line":39,"type":"binary-expr","locations":[{"start":{"line":39,"column":23},"end":{"line":39,"column":62}},{"start":{"line":40,"column":20},"end":{"line":40,"column":70}},{"start":{"line":41,"column":20},"end":{"line":41,"column":71}},{"start":{"line":42,"column":20},"end":{"line":42,"column":29}}]},"2":{"line":44,"type":"binary-expr","locations":[{"start":{"line":44,"column":23},"end":{"line":44,"column":37}},{"start":{"line":45,"column":20},"end":{"line":45,"column":61}},{"start":{"line":46,"column":20},"end":{"line":46,"column":70}},{"start":{"line":47,"column":20},"end":{"line":47,"column":26}}]},"3":{"line":51,"type":"cond-expr","locations":[{"start":{"line":52,"column":14},"end":{"line":52,"column":20}},{"start":{"line":53,"column":14},"end":{"line":53,"column":20}}]},"4":{"line":55,"type":"binary-expr","locations":[{"start":{"line":55,"column":16},"end":{"line":55,"column":44}},{"start":{"line":55,"column":49},"end":{"line":57,"column":43}}]},"5":{"line":55,"type":"cond-expr","locations":[{"start":{"line":56,"column":14},"end":{"line":56,"column":51}},{"start":{"line":57,"column":14},"end":{"line":57,"column":43}}]},"6":{"line":61,"type":"switch","locations":[{"start":{"line":68,"column":4},"end":{"line":150,"column":14},"skip":true},{"start":{"line":156,"column":4},"end":{"line":323,"column":14},"skip":true}]},"7":{"line":70,"type":"if","locations":[{"start":{"line":70,"column":12},"end":{"line":70,"column":12},"skip":true},{"start":{"line":70,"column":12},"end":{"line":70,"column":12},"skip":true}]},"8":{"line":70,"type":"binary-expr","locations":[{"start":{"line":70,"column":16},"end":{"line":70,"column":22},"skip":true},{"start":{"line":70,"column":27},"end":{"line":70,"column":32},"skip":true},{"start":{"line":71,"column":20},"end":{"line":71,"column":39},"skip":true},{"start":{"line":72,"column":20},"end":{"line":72,"column":49},"skip":true},{"start":{"line":73,"column":20},"end":{"line":73,"column":58},"skip":true},{"start":{"line":74,"column":20},"end":{"line":74,"column":69},"skip":true}]},"9":{"line":79,"type":"switch","locations":[{"start":{"line":80,"column":20},"end":{"line":80,"column":33},"skip":true},{"start":{"line":81,"column":20},"end":{"line":83,"column":30},"skip":true},{"start":{"line":84,"column":20},"end":{"line":85,"column":49},"skip":true}]},"10":{"line":89,"type":"switch","locations":[{"start":{"line":90,"column":12},"end":{"line":103,"column":22},"skip":true},{"start":{"line":105,"column":12},"end":{"line":106,"column":22},"skip":true}]},"11":{"line":89,"type":"binary-expr","locations":[{"start":{"line":89,"column":20},"end":{"line":89,"column":25},"skip":true},{"start":{"line":89,"column":29},"end":{"line":89,"column":48},"skip":true},{"start":{"line":89,"column":52},"end":{"line":89,"column":74},"skip":true}]},"12":{"line":92,"type":"if","locations":[{"start":{"line":92,"column":16},"end":{"line":92,"column":16},"skip":true},{"start":{"line":92,"column":16},"end":{"line":92,"column":16},"skip":true}]},"13":{"line":108,"type":"if","locations":[{"start":{"line":108,"column":12},"end":{"line":108,"column":12},"skip":true},{"start":{"line":108,"column":12},"end":{"line":108,"column":12},"skip":true}]},"14":{"line":108,"type":"binary-expr","locations":[{"start":{"line":108,"column":16},"end":{"line":108,"column":61},"skip":true},{"start":{"line":108,"column":66},"end":{"line":108,"column":72},"skip":true},{"start":{"line":108,"column":77},"end":{"line":108,"column":82},"skip":true},{"start":{"line":109,"column":20},"end":{"line":109,"column":39},"skip":true},{"start":{"line":110,"column":20},"end":{"line":110,"column":49},"skip":true},{"start":{"line":111,"column":20},"end":{"line":111,"column":58},"skip":true},{"start":{"line":112,"column":20},"end":{"line":112,"column":68},"skip":true}]},"15":{"line":129,"type":"if","locations":[{"start":{"line":129,"column":16},"end":{"line":129,"column":16},"skip":true},{"start":{"line":129,"column":16},"end":{"line":129,"column":16},"skip":true}]},"16":{"line":134,"type":"cond-expr","locations":[{"start":{"line":135,"column":26},"end":{"line":135,"column":29},"skip":true},{"start":{"line":136,"column":26},"end":{"line":136,"column":54},"skip":true}]},"17":{"line":164,"type":"binary-expr","locations":[{"start":{"line":164,"column":27},"end":{"line":164,"column":43},"skip":true},{"start":{"line":164,"column":47},"end":{"line":164,"column":49},"skip":true}]},"18":{"line":258,"type":"if","locations":[{"start":{"line":258,"column":8},"end":{"line":258,"column":8},"skip":true},{"start":{"line":258,"column":8},"end":{"line":258,"column":8},"skip":true}]},"19":{"line":275,"type":"switch","locations":[{"start":{"line":276,"column":20},"end":{"line":277,"column":64},"skip":true},{"start":{"line":278,"column":20},"end":{"line":279,"column":40},"skip":true},{"start":{"line":280,"column":20},"end":{"line":281,"column":40},"skip":true},{"start":{"line":282,"column":20},"end":{"line":283,"column":39},"skip":true}]},"20":{"line":288,"type":"if","locations":[{"start":{"line":288,"column":8},"end":{"line":288,"column":8},"skip":true},{"start":{"line":288,"column":8},"end":{"line":288,"column":8},"skip":true}]},"21":{"line":288,"type":"binary-expr","locations":[{"start":{"line":288,"column":12},"end":{"line":288,"column":40},"skip":true},{"start":{"line":288,"column":44},"end":{"line":288,"column":67},"skip":true}]},"22":{"line":292,"type":"binary-expr","locations":[{"start":{"line":292,"column":12},"end":{"line":292,"column":50},"skip":true},{"start":{"line":293,"column":12},"end":{"line":293,"column":53},"skip":true}]},"23":{"line":295,"type":"binary-expr","locations":[{"start":{"line":295,"column":12},"end":{"line":295,"column":65},"skip":true},{"start":{"line":296,"column":12},"end":{"line":301,"column":36},"skip":true}]},"24":{"line":302,"type":"binary-expr","locations":[{"start":{"line":302,"column":43},"end":{"line":302,"column":75},"skip":true},{"start":{"line":302,"column":79},"end":{"line":302,"column":81},"skip":true}]},"25":{"line":305,"type":"if","locations":[{"start":{"line":305,"column":8},"end":{"line":305,"column":8},"skip":true},{"start":{"line":305,"column":8},"end":{"line":305,"column":8},"skip":true}]},"26":{"line":309,"type":"if","locations":[{"start":{"line":309,"column":8},"end":{"line":309,"column":8},"skip":true},{"start":{"line":309,"column":8},"end":{"line":309,"column":8},"skip":true}]},"27":{"line":312,"type":"binary-expr","locations":[{"start":{"line":312,"column":27},"end":{"line":312,"column":43},"skip":true},{"start":{"line":312,"column":47},"end":{"line":312,"column":53},"skip":true}]},"28":{"line":316,"type":"if","locations":[{"start":{"line":316,"column":12},"end":{"line":316,"column":12},"skip":true},{"start":{"line":316,"column":12},"end":{"line":316,"column":12},"skip":true}]}},"code":["/*","example.js","","quickstart example","","instruction","    1. save this script as example.js","    2. run the shell command:","        $ npm install npmtest-seriate && PORT=8081 node example.js","    3. play with the browser-demo on http://127.0.0.1:8081","*/","","","","/* istanbul instrument in package npmtest_seriate */","/*jslint","    bitwise: true,","    browser: true,","    maxerr: 8,","    maxlen: 96,","    node: true,","    nomen: true,","    regexp: true,","    stupid: true","*/","(function () {","    'use strict';","    var local;","","","","    // run shared js-env code - pre-init","    (function () {","        // init local","        local = {};","        // init modeJs","        local.modeJs = (function () {","            try {","                return typeof navigator.userAgent === 'string' &&","                    typeof document.querySelector('body') === 'object' &&","                    typeof XMLHttpRequest.prototype.open === 'function' &&","                    'browser';","            } catch (errorCaughtBrowser) {","                return module.exports &&","                    typeof process.versions.node === 'string' &&","                    typeof require('http').createServer === 'function' &&","                    'node';","            }","        }());","        // init global","        local.global = local.modeJs === 'browser'","            ? window","            : global;","        // init utility2_rollup","        local = local.global.utility2_rollup || (local.modeJs === 'browser'","            ? local.global.utility2_npmtest_seriate","            : global.utility2_moduleExports);","        // export local","        local.global.local = local;","    }());","    switch (local.modeJs) {","","","","    // post-init","    // run browser js-env code - post-init","    /* istanbul ignore next */","    case 'browser':","        local.testRunBrowser = function (event) {","            if (!event || (event &&","                    event.currentTarget &&","                    event.currentTarget.className &&","                    event.currentTarget.className.includes &&","                    event.currentTarget.className.includes('onreset'))) {","                // reset output","                Array.from(","                    document.querySelectorAll('body > .resettable')","                ).forEach(function (element) {","                    switch (element.tagName) {","                    case 'INPUT':","                    case 'TEXTAREA':","                        element.value = '';","                        break;","                    default:","                        element.textContent = '';","                    }","                });","            }","            switch (event && event.currentTarget && event.currentTarget.id) {","            case 'testRunButton1':","                // show tests","                if (document.querySelector('#testReportDiv1').style.display === 'none') {","                    document.querySelector('#testReportDiv1').style.display = 'block';","                    document.querySelector('#testRunButton1').textContent =","                        'hide internal test';","                    local.modeTest = true;","                    local.testRunDefault(local);","                // hide tests","                } else {","                    document.querySelector('#testReportDiv1').style.display = 'none';","                    document.querySelector('#testRunButton1').textContent = 'run internal test';","                }","                break;","            // custom-case","            default:","                break;","            }","            if (document.querySelector('#inputTextareaEval1') && (!event || (event &&","                    event.currentTarget &&","                    event.currentTarget.className &&","                    event.currentTarget.className.includes &&","                    event.currentTarget.className.includes('oneval')))) {","                // try to eval input-code","                try {","                    /*jslint evil: true*/","                    eval(document.querySelector('#inputTextareaEval1').value);","                } catch (errorCaught) {","                    console.error(errorCaught);","                }","            }","        };","        // log stderr and stdout to #outputTextareaStdout1","        ['error', 'log'].forEach(function (key) {","            console[key + '_original'] = console[key];","            console[key] = function () {","                var element;","                console[key + '_original'].apply(console, arguments);","                element = document.querySelector('#outputTextareaStdout1');","                if (!element) {","                    return;","                }","                // append text to #outputTextareaStdout1","                element.value += Array.from(arguments).map(function (arg) {","                    return typeof arg === 'string'","                        ? arg","                        : JSON.stringify(arg, null, 4);","                }).join(' ') + '\\n';","                // scroll textarea to bottom","                element.scrollTop = element.scrollHeight;","            };","        });","        // init event-handling","        ['change', 'click', 'keyup'].forEach(function (event) {","            Array.from(document.querySelectorAll('.on' + event)).forEach(function (element) {","                element.addEventListener(event, local.testRunBrowser);","            });","        });","        // run tests","        local.testRunBrowser();","        break;","","","","    // run node js-env code - post-init","    /* istanbul ignore next */","    case 'node':","        // export local","        module.exports = local;","        // require modules","        local.fs = require('fs');","        local.http = require('http');","        local.url = require('url');","        // init assets","        local.assetsDict = local.assetsDict || {};","        /* jslint-ignore-begin */","        local.assetsDict['/assets.index.template.html'] = '\\","<!doctype html>\\n\\","<html lang=\"en\">\\n\\","<head>\\n\\","<meta charset=\"UTF-8\">\\n\\","<meta name=\"viewport\" content=\"width=device-width, initial-scale=1\">\\n\\","<title>{{env.npm_package_name}} (v{{env.npm_package_version}})</title>\\n\\","<style>\\n\\","/*csslint\\n\\","    box-sizing: false,\\n\\","    universal-selector: false\\n\\","*/\\n\\","* {\\n\\","    box-sizing: border-box;\\n\\","}\\n\\","body {\\n\\","    background: #dde;\\n\\","    font-family: Arial, Helvetica, sans-serif;\\n\\","    margin: 2rem;\\n\\","}\\n\\","body > * {\\n\\","    margin-bottom: 1rem;\\n\\","}\\n\\",".utility2FooterDiv {\\n\\","    margin-top: 20px;\\n\\","    text-align: center;\\n\\","}\\n\\","</style>\\n\\","<style>\\n\\","/*csslint\\n\\","*/\\n\\","textarea {\\n\\","    font-family: monospace;\\n\\","    height: 10rem;\\n\\","    width: 100%;\\n\\","}\\n\\","textarea[readonly] {\\n\\","    background: #ddd;\\n\\","}\\n\\","</style>\\n\\","</head>\\n\\","<body>\\n\\","<!-- utility2-comment\\n\\","<div id=\"ajaxProgressDiv1\" style=\"background: #d00; height: 2px; left: 0; margin: 0; padding: 0; position: fixed; top: 0; transition: background 0.5s, width 1.5s; width: 25%;\"></div>\\n\\","utility2-comment -->\\n\\","<h1>\\n\\","<!-- utility2-comment\\n\\","    <a\\n\\","        {{#if env.npm_package_homepage}}\\n\\","        href=\"{{env.npm_package_homepage}}\"\\n\\","        {{/if env.npm_package_homepage}}\\n\\","        target=\"_blank\"\\n\\","    >\\n\\","utility2-comment -->\\n\\","        {{env.npm_package_name}} (v{{env.npm_package_version}})\\n\\","<!-- utility2-comment\\n\\","    </a>\\n\\","utility2-comment -->\\n\\","</h1>\\n\\","<h3>{{env.npm_package_description}}</h3>\\n\\","<!-- utility2-comment\\n\\","<h4><a download href=\"assets.app.js\">download standalone app</a></h4>\\n\\","<button class=\"onclick onreset\" id=\"testRunButton1\">run internal test</button><br>\\n\\","<div id=\"testReportDiv1\" style=\"display: none;\"></div>\\n\\","utility2-comment -->\\n\\","\\n\\","\\n\\","\\n\\","<label>stderr and stdout</label>\\n\\","<textarea class=\"resettable\" id=\"outputTextareaStdout1\" readonly></textarea>\\n\\","<!-- utility2-comment\\n\\","{{#if isRollup}}\\n\\","<script src=\"assets.app.js\"></script>\\n\\","{{#unless isRollup}}\\n\\","utility2-comment -->\\n\\","<script src=\"assets.utility2.rollup.js\"></script>\\n\\","<script src=\"jsonp.utility2._stateInit?callback=window.utility2._stateInit\"></script>\\n\\","<script src=\"assets.npmtest_seriate.rollup.js\"></script>\\n\\","<script src=\"assets.example.js\"></script>\\n\\","<script src=\"assets.test.js\"></script>\\n\\","<!-- utility2-comment\\n\\","{{/if isRollup}}\\n\\","utility2-comment -->\\n\\","<div class=\"utility2FooterDiv\">\\n\\","    [ this app was created with\\n\\","    <a href=\"https://github.com/kaizhu256/node-utility2\" target=\"_blank\">utility2</a>\\n\\","    ]\\n\\","</div>\\n\\","</body>\\n\\","</html>\\n\\","';","        /* jslint-ignore-end */","        if (local.templateRender) {","            local.assetsDict['/'] = local.templateRender(","                local.assetsDict['/assets.index.template.html'],","                {","                    env: local.objectSetDefault(local.env, {","                        npm_package_description: 'the greatest app in the world!',","                        npm_package_name: 'my-app',","                        npm_package_nameAlias: 'my_app',","                        npm_package_version: '0.0.1'","                    })","                }","            );","        } else {","            local.assetsDict['/'] = local.assetsDict['/assets.index.template.html']","                .replace((/\\{\\{env\\.(\\w+?)\\}\\}/g), function (match0, match1) {","                    // jslint-hack","                    String(match0);","                    switch (match1) {","                    case 'npm_package_description':","                        return 'the greatest app in the world!';","                    case 'npm_package_name':","                        return 'my-app';","                    case 'npm_package_nameAlias':","                        return 'my_app';","                    case 'npm_package_version':","                        return '0.0.1';","                    }","                });","        }","        // run the cli","        if (local.global.utility2_rollup || module !== require.main) {","            break;","        }","        local.assetsDict['/assets.example.js'] =","            local.assetsDict['/assets.example.js'] ||","            local.fs.readFileSync(__filename, 'utf8');","        local.assetsDict['/assets.npmtest_seriate.rollup.js'] =","            local.assetsDict['/assets.npmtest_seriate.rollup.js'] ||","            local.fs.readFileSync(","                // buildCustomOrg-hack","                local.npmtest_seriate.__dirname +","                    '/lib.npmtest_seriate.js',","                'utf8'","            ).replace((/^#!/), '//');","        local.assetsDict['/favicon.ico'] = local.assetsDict['/favicon.ico'] || '';","        // if $npm_config_timeout_exit exists,","        // then exit this process after $npm_config_timeout_exit ms","        if (Number(process.env.npm_config_timeout_exit)) {","            setTimeout(process.exit, Number(process.env.npm_config_timeout_exit));","        }","        // start server","        if (local.global.utility2_serverHttp1) {","            break;","        }","        process.env.PORT = process.env.PORT || '8081';","        console.error('server starting on port ' + process.env.PORT);","        local.http.createServer(function (request, response) {","            request.urlParsed = local.url.parse(request.url);","            if (local.assetsDict[request.urlParsed.pathname] !== undefined) {","                response.end(local.assetsDict[request.urlParsed.pathname]);","                return;","            }","            response.statusCode = 404;","            response.end();","        }).listen(process.env.PORT);","        break;","    }","}());",""],"l":{"26":2,"28":2,"33":2,"35":2,"37":2,"38":2,"39":2,"44":1,"51":2,"55":2,"59":2,"61":2,"69":1,"70":2,"76":2,"79":2,"82":2,"83":2,"85":1,"89":2,"92":1,"93":1,"94":1,"96":1,"97":1,"100":1,"101":1,"103":1,"106":1,"108":2,"114":1,"116":1,"118":1,"123":1,"124":2,"125":2,"126":3,"127":3,"128":3,"129":3,"130":1,"133":3,"134":3,"139":3,"143":1,"144":3,"145":1,"149":1,"150":1,"158":1,"160":1,"161":1,"162":1,"164":1,"166":1,"258":1,"259":1,"271":1,"274":6,"275":6,"277":1,"279":2,"281":1,"283":2,"288":1,"289":1,"291":1,"294":1,"302":1,"305":1,"306":1,"309":1,"310":1,"312":1,"313":1,"314":1,"315":1,"316":1,"317":1,"318":1,"320":1,"321":1,"323":1}},"/home/travis/build/npmtest/node-npmtest-seriate/node_modules/seriate/src/index.js":{"path":"/home/travis/build/npmtest/node-npmtest-seriate/node_modules/seriate/src/index.js","s":{"1":1,"2":1,"3":1,"4":1,"5":1,"6":1,"7":1,"8":1,"9":1,"10":0,"11":0,"12":0,"13":0,"14":1,"15":0,"16":0,"17":0,"18":0,"19":0,"20":0,"21":0,"22":0,"23":0,"24":0,"25":0,"26":0,"27":0,"28":0,"29":0,"30":0,"31":0,"32":0,"33":0,"34":0,"35":0,"36":0,"37":0,"38":0,"39":0,"40":0,"41":0,"42":0,"43":0,"44":0,"45":0,"46":0,"47":0,"48":0,"49":0,"50":0,"51":0,"52":1,"53":32,"54":32,"55":1,"56":5,"57":1,"58":1,"59":1,"60":0,"61":1,"62":0,"63":1,"64":0,"65":1},"b":{"1":[0,0,0],"2":[0,0],"3":[0,0],"4":[0,0],"5":[0,0],"6":[0,0],"7":[0,0]},"f":{"1":0,"2":0,"3":0,"4":0,"5":0,"6":0,"7":0,"8":0,"9":0,"10":0,"11":0,"12":0,"13":0,"14":0,"15":0,"16":32,"17":5,"18":0,"19":0,"20":0},"fnMap":{"1":{"name":"promisify","line":10,"loc":{"start":{"line":10,"column":0},"end":{"line":10,"column":44}}},"2":{"name":"(anonymous_2)","line":13,"loc":{"start":{"line":13,"column":22},"end":{"line":13,"column":58}}},"3":{"name":"(anonymous_3)","line":22,"loc":{"start":{"line":22,"column":24},"end":{"line":22,"column":47}}},"4":{"name":"(anonymous_4)","line":31,"loc":{"start":{"line":31,"column":18},"end":{"line":31,"column":41}}},"5":{"name":"(anonymous_5)","line":36,"loc":{"start":{"line":36,"column":21},"end":{"line":36,"column":58}}},"6":{"name":"(anonymous_6)","line":45,"loc":{"start":{"line":45,"column":10},"end":{"line":45,"column":47}}},"7":{"name":"(anonymous_7)","line":53,"loc":{"start":{"line":53,"column":10},"end":{"line":53,"column":27}}},"8":{"name":"(anonymous_8)","line":61,"loc":{"start":{"line":61,"column":8},"end":{"line":61,"column":19}}},"9":{"name":"(anonymous_9)","line":64,"loc":{"start":{"line":64,"column":48},"end":{"line":64,"column":65}}},"10":{"name":"(anonymous_10)","line":69,"loc":{"start":{"line":69,"column":16},"end":{"line":69,"column":35}}},"11":{"name":"(anonymous_11)","line":72,"loc":{"start":{"line":72,"column":19},"end":{"line":72,"column":38}}},"12":{"name":"(anonymous_12)","line":76,"loc":{"start":{"line":76,"column":13},"end":{"line":76,"column":32}}},"13":{"name":"(anonymous_13)","line":80,"loc":{"start":{"line":80,"column":18},"end":{"line":80,"column":37}}},"14":{"name":"(anonymous_14)","line":83,"loc":{"start":{"line":83,"column":19},"end":{"line":83,"column":30}}},"15":{"name":"(anonymous_15)","line":86,"loc":{"start":{"line":86,"column":13},"end":{"line":86,"column":44}}},"16":{"name":"(anonymous_16)","line":92,"loc":{"start":{"line":92,"column":19},"end":{"line":92,"column":40}}},"17":{"name":"(anonymous_17)","line":97,"loc":{"start":{"line":97,"column":29},"end":{"line":97,"column":50}}},"18":{"name":"(anonymous_18)","line":105,"loc":{"start":{"line":105,"column":29},"end":{"line":105,"column":46}}},"19":{"name":"(anonymous_19)","line":109,"loc":{"start":{"line":109,"column":26},"end":{"line":109,"column":43}}},"20":{"name":"(anonymous_20)","line":113,"loc":{"start":{"line":113,"column":26},"end":{"line":113,"column":43}}}},"statementMap":{"1":{"start":{"line":1,"column":0},"end":{"line":1,"column":29}},"2":{"start":{"line":2,"column":0},"end":{"line":2,"column":28}},"3":{"start":{"line":3,"column":0},"end":{"line":3,"column":52}},"4":{"start":{"line":4,"column":0},"end":{"line":4,"column":29}},"5":{"start":{"line":5,"column":0},"end":{"line":5,"column":45}},"6":{"start":{"line":6,"column":0},"end":{"line":6,"column":45}},"7":{"start":{"line":7,"column":0},"end":{"line":7,"column":73}},"8":{"start":{"line":8,"column":0},"end":{"line":8,"column":33}},"9":{"start":{"line":10,"column":0},"end":{"line":19,"column":1}},"10":{"start":{"line":11,"column":1},"end":{"line":11,"column":72}},"11":{"start":{"line":12,"column":1},"end":{"line":12,"column":36}},"12":{"start":{"line":13,"column":1},"end":{"line":18,"column":5}},"13":{"start":{"line":14,"column":2},"end":{"line":17,"column":25}},"14":{"start":{"line":21,"column":0},"end":{"line":90,"column":2}},"15":{"start":{"line":23,"column":2},"end":{"line":23,"column":76}},"16":{"start":{"line":24,"column":2},"end":{"line":27,"column":3}},"17":{"start":{"line":25,"column":3},"end":{"line":25,"column":54}},"18":{"start":{"line":26,"column":3},"end":{"line":26,"column":36}},"19":{"start":{"line":28,"column":2},"end":{"line":28,"column":53}},"20":{"start":{"line":29,"column":2},"end":{"line":29,"column":43}},"21":{"start":{"line":32,"column":2},"end":{"line":32,"column":43}},"22":{"start":{"line":33,"column":2},"end":{"line":33,"column":94}},"23":{"start":{"line":34,"column":2},"end":{"line":34,"column":35}},"24":{"start":{"line":37,"column":2},"end":{"line":40,"column":3}},"25":{"start":{"line":38,"column":3},"end":{"line":38,"column":29}},"26":{"start":{"line":39,"column":3},"end":{"line":39,"column":26}},"27":{"start":{"line":41,"column":2},"end":{"line":41,"column":43}},"28":{"start":{"line":42,"column":2},"end":{"line":42,"column":94}},"29":{"start":{"line":43,"column":2},"end":{"line":43,"column":70}},"30":{"start":{"line":46,"column":2},"end":{"line":49,"column":3}},"31":{"start":{"line":47,"column":3},"end":{"line":47,"column":29}},"32":{"start":{"line":48,"column":3},"end":{"line":48,"column":26}},"33":{"start":{"line":50,"column":2},"end":{"line":50,"column":43}},"34":{"start":{"line":51,"column":2},"end":{"line":51,"column":94}},"35":{"start":{"line":52,"column":2},"end":{"line":59,"column":7}},"36":{"start":{"line":54,"column":4},"end":{"line":58,"column":5}},"37":{"start":{"line":55,"column":5},"end":{"line":55,"column":28}},"38":{"start":{"line":57,"column":5},"end":{"line":57,"column":64}},"39":{"start":{"line":62,"column":2},"end":{"line":62,"column":56}},"40":{"start":{"line":63,"column":2},"end":{"line":63,"column":40}},"41":{"start":{"line":64,"column":2},"end":{"line":66,"column":6}},"42":{"start":{"line":65,"column":3},"end":{"line":65,"column":20}},"43":{"start":{"line":70,"column":2},"end":{"line":70,"column":28}},"44":{"start":{"line":73,"column":2},"end":{"line":73,"column":26}},"45":{"start":{"line":74,"column":2},"end":{"line":74,"column":28}},"46":{"start":{"line":77,"column":2},"end":{"line":77,"column":26}},"47":{"start":{"line":78,"column":2},"end":{"line":78,"column":28}},"48":{"start":{"line":81,"column":2},"end":{"line":81,"column":30}},"49":{"start":{"line":84,"column":2},"end":{"line":84,"column":22}},"50":{"start":{"line":87,"column":2},"end":{"line":87,"column":25}},"51":{"start":{"line":88,"column":2},"end":{"line":88,"column":36}},"52":{"start":{"line":92,"column":0},"end":{"line":95,"column":4}},"53":{"start":{"line":93,"column":1},"end":{"line":93,"column":35}},"54":{"start":{"line":94,"column":1},"end":{"line":94,"column":49}},"55":{"start":{"line":97,"column":0},"end":{"line":99,"column":4}},"56":{"start":{"line":98,"column":1},"end":{"line":98,"column":45}},"57":{"start":{"line":101,"column":0},"end":{"line":101,"column":22}},"58":{"start":{"line":103,"column":0},"end":{"line":103,"column":41}},"59":{"start":{"line":105,"column":0},"end":{"line":107,"column":4}},"60":{"start":{"line":106,"column":1},"end":{"line":106,"column":31}},"61":{"start":{"line":109,"column":0},"end":{"line":111,"column":4}},"62":{"start":{"line":110,"column":1},"end":{"line":110,"column":28}},"63":{"start":{"line":113,"column":0},"end":{"line":115,"column":4}},"64":{"start":{"line":114,"column":1},"end":{"line":114,"column":28}},"65":{"start":{"line":117,"column":0},"end":{"line":117,"column":21}}},"branchMap":{"1":{"line":11,"type":"binary-expr","locations":[{"start":{"line":11,"column":12},"end":{"line":11,"column":29}},{"start":{"line":11,"column":33},"end":{"line":11,"column":55}},{"start":{"line":11,"column":59},"end":{"line":11,"column":71}}]},"2":{"line":24,"type":"if","locations":[{"start":{"line":24,"column":2},"end":{"line":24,"column":2}},{"start":{"line":24,"column":2},"end":{"line":24,"column":2}}]},"3":{"line":24,"type":"binary-expr","locations":[{"start":{"line":24,"column":7},"end":{"line":24,"column":17}},{"start":{"line":24,"column":21},"end":{"line":24,"column":46}}]},"4":{"line":37,"type":"if","locations":[{"start":{"line":37,"column":2},"end":{"line":37,"column":2}},{"start":{"line":37,"column":2},"end":{"line":37,"column":2}}]},"5":{"line":46,"type":"if","locations":[{"start":{"line":46,"column":2},"end":{"line":46,"column":2}},{"start":{"line":46,"column":2},"end":{"line":46,"column":2}}]},"6":{"line":54,"type":"if","locations":[{"start":{"line":54,"column":4},"end":{"line":54,"column":4}},{"start":{"line":54,"column":4},"end":{"line":54,"column":4}}]},"7":{"line":57,"type":"binary-expr","locations":[{"start":{"line":57,"column":18},"end":{"line":57,"column":40}},{"start":{"line":57,"column":44},"end":{"line":57,"column":61}}]}},"code":["var when = require( \"when\" );","var _ = require( \"lodash\" );","var Monologue = require( \"monologue.js\" ).prototype;","var sql = require( \"mssql\" );","var connections = require( \"./connections\" );","var SqlContext = require( \"./sqlContext\" )();","var TransactionContext = require( \"./transactionContext\" )( SqlContext );","var utils = require( \"./utils\" );","","function promisify( context, queryOptions ) {","\tvar name = queryOptions.name || queryOptions.procedure || \"__result__\";","\tcontext.step( name, queryOptions );","\treturn when.promise( function( resolve, reject, notify ) {","\t\tcontext","\t\t\t.end( resolve )","\t\t\t.error( reject )","\t\t\t.on( \"data\", notify );","\t} );","}","","var seriate = {","\tgetTransactionContext: function( connection ) {","\t\tvar options = { metrics: this.metrics, namespace: this.metricsNamespace };","\t\tif ( connection && connection.isolationLevel ) {","\t\t\toptions.isolationLevel = connection.isolationLevel;","\t\t\tdelete connection.isolationLevel;","\t\t}","\t\toptions.connection = connections.get( connection );","\t\treturn new TransactionContext( options );","\t},","\tgetPlainContext: function( connection ) {","\t\tvar conn = connections.get( connection );","\t\tvar options = { metrics: this.metrics, namespace: this.metricsNamespace, connection: conn };","\t\treturn new SqlContext( options );","\t},","\texecuteTransaction: function( connection, queryOptions ) {","\t\tif ( arguments.length === 1 ) {","\t\t\tqueryOptions = connection;","\t\t\tconnection = undefined;","\t\t}","\t\tvar conn = connections.get( connection );","\t\tvar options = { metrics: this.metrics, namespace: this.metricsNamespace, connection: conn };","\t\treturn promisify( new TransactionContext( options ), queryOptions );","\t},","\texecute: function( connection, queryOptions ) {","\t\tif ( arguments.length === 1 ) {","\t\t\tqueryOptions = connection;","\t\t\tconnection = undefined;","\t\t}","\t\tvar conn = connections.get( connection );","\t\tvar options = { metrics: this.metrics, namespace: this.metricsNamespace, connection: conn };","\t\treturn promisify( new SqlContext( options ), queryOptions )","\t\t\t.then( function( data ) {","\t\t\t\tif ( data.__result__ ) {","\t\t\t\t\treturn data.__result__;","\t\t\t\t} else {","\t\t\t\t\treturn data[ queryOptions.procedure || queryOptions.name ];","\t\t\t\t}","\t\t\t} );","\t},","\tfirst: function() {","\t\tvar args = Array.prototype.slice.call( arguments, 0 );","\t\tdelete args[ args.length - 1 ].stream;","\t\treturn this.execute.apply( this, args ).then( function( rows ) {","\t\t\treturn rows[ 0 ];","\t\t} );","\t},","\tfromFile: utils.fromFile,","\taddConnection: function( config ) {","\t\tconnections.add( config );","\t},","\tsetDefaultConfig: function( config ) {","\t\tconfig.name = \"default\";","\t\tconnections.add( config );","\t},","\tsetDefault: function( config ) {","\t\tconfig.name = \"default\";","\t\tconnections.add( config );","\t},","\tcloseConnection: function( config ) {","\t\tconnections.close( config );","\t},","\tresetConnections: function() {","\t\tconnections.reset();","\t},","\tuseMetrics: function( metrics, namespace ) {","\t\tthis.metrics = metrics;","\t\tthis.metricsNamespace = namespace;","\t}","};","","_.each( sql.TYPES, function( val, key ) {","\tseriate[ key ] = sql.TYPES[ key ];","\tseriate[ key.toUpperCase() ] = sql.TYPES[ key ];","} );","","_.each( sql.ISOLATION_LEVEL, function( val, key ) {","\tseriate[ key ] = sql.ISOLATION_LEVEL[ key ];","} );","","seriate.MAX = sql.MAX;","","var api = _.assign( seriate, Monologue );","","connections.on( \"connected\", function( info ) {","\tapi.emit( \"connected\", info );","} );","","connections.on( \"closed\", function( info ) {","\tapi.emit( \"closed\", info );","} );","","connections.on( \"failed\", function( info ) {","\tapi.emit( \"failed\", info );","} );","","module.exports = api;",""],"l":{"1":1,"2":1,"3":1,"4":1,"5":1,"6":1,"7":1,"8":1,"10":1,"11":0,"12":0,"13":0,"14":0,"21":1,"23":0,"24":0,"25":0,"26":0,"28":0,"29":0,"32":0,"33":0,"34":0,"37":0,"38":0,"39":0,"41":0,"42":0,"43":0,"46":0,"47":0,"48":0,"50":0,"51":0,"52":0,"54":0,"55":0,"57":0,"62":0,"63":0,"64":0,"65":0,"70":0,"73":0,"74":0,"77":0,"78":0,"81":0,"84":0,"87":0,"88":0,"92":1,"93":32,"94":32,"97":1,"98":5,"101":1,"103":1,"105":1,"106":0,"109":1,"110":0,"113":1,"114":0,"117":1}},"/home/travis/build/npmtest/node-npmtest-seriate/node_modules/seriate/src/connections.js":{"path":"/home/travis/build/npmtest/node-npmtest-seriate/node_modules/seriate/src/connections.js","s":{"1":1,"2":1,"3":1,"4":1,"5":1,"6":1,"7":1,"8":1,"9":0,"10":0,"11":0,"12":0,"13":0,"14":0,"15":0,"16":0,"17":0,"18":0,"19":0,"20":0,"21":1,"22":0,"23":0,"24":0,"25":0,"26":1,"27":0,"28":0,"29":0,"30":0,"31":0,"32":0,"33":0,"34":0,"35":0,"36":0,"37":0,"38":0,"39":0,"40":0,"41":0,"42":1,"43":0,"44":0,"45":0,"46":0,"47":0,"48":0,"49":0,"50":0,"51":0,"52":0,"53":1,"54":0,"55":0,"56":0,"57":0,"58":0,"59":0,"60":0,"61":0,"62":0,"63":0,"64":0,"65":0,"66":0,"67":0,"68":0,"69":0,"70":0,"71":0,"72":0,"73":0,"74":0,"75":0,"76":1,"77":0,"78":1,"79":0,"80":0,"81":0,"82":0,"83":0,"84":0,"85":0,"86":0,"87":0,"88":0,"89":0,"90":1,"91":0,"92":1,"93":0,"94":1,"95":0,"96":1},"b":{"1":[0,0],"2":[0,0],"3":[0,0],"4":[0,0],"5":[0,0],"6":[0,0],"7":[0,0],"8":[0,0],"9":[0,0],"10":[0,0],"11":[0,0],"12":[0,0,0],"13":[0,0],"14":[0,0],"15":[0,0],"16":[0,0],"17":[0,0],"18":[0,0],"19":[0,0],"20":[0,0],"21":[0,0],"22":[0,0]},"f":{"1":0,"2":0,"3":0,"4":0,"5":0,"6":0,"7":0,"8":0,"9":0,"10":0,"11":0,"12":0,"13":0,"14":0},"fnMap":{"1":{"name":"addConnection","line":22,"loc":{"start":{"line":22,"column":0},"end":{"line":22,"column":33}}},"2":{"name":"closeConnection","line":40,"loc":{"start":{"line":40,"column":0},"end":{"line":40,"column":35}}},"3":{"name":"connect","line":49,"loc":{"start":{"line":49,"column":0},"end":{"line":49,"column":33}}},"4":{"name":"(anonymous_4)","line":63,"loc":{"start":{"line":63,"column":21},"end":{"line":63,"column":32}}},"5":{"name":"(anonymous_5)","line":68,"loc":{"start":{"line":68,"column":19},"end":{"line":68,"column":30}}},"6":{"name":"onConnectionError","line":76,"loc":{"start":{"line":76,"column":1},"end":{"line":76,"column":35}}},"7":{"name":"(anonymous_7)","line":88,"loc":{"start":{"line":88,"column":9},"end":{"line":88,"column":20}}},"8":{"name":"getConnection","line":94,"loc":{"start":{"line":94,"column":0},"end":{"line":94,"column":33}}},"9":{"name":"(anonymous_9)","line":111,"loc":{"start":{"line":111,"column":10},"end":{"line":111,"column":21}}},"10":{"name":"getConfiguration","line":125,"loc":{"start":{"line":125,"column":0},"end":{"line":125,"column":34}}},"11":{"name":"getName","line":129,"loc":{"start":{"line":129,"column":0},"end":{"line":129,"column":27}}},"12":{"name":"getAlias","line":147,"loc":{"start":{"line":147,"column":0},"end":{"line":147,"column":28}}},"13":{"name":"getPool","line":151,"loc":{"start":{"line":151,"column":0},"end":{"line":151,"column":25}}},"14":{"name":"resetState","line":155,"loc":{"start":{"line":155,"column":0},"end":{"line":155,"column":22}}}},"statementMap":{"1":{"start":{"line":1,"column":0},"end":{"line":1,"column":28}},"2":{"start":{"line":2,"column":0},"end":{"line":2,"column":29}},"3":{"start":{"line":3,"column":0},"end":{"line":3,"column":29}},"4":{"start":{"line":4,"column":0},"end":{"line":4,"column":52}},"5":{"start":{"line":5,"column":0},"end":{"line":5,"column":53}},"6":{"start":{"line":7,"column":0},"end":{"line":12,"column":2}},"7":{"start":{"line":14,"column":0},"end":{"line":20,"column":15}},"8":{"start":{"line":22,"column":0},"end":{"line":38,"column":1}},"9":{"start":{"line":23,"column":1},"end":{"line":23,"column":30}},"10":{"start":{"line":24,"column":1},"end":{"line":24,"column":41}},"11":{"start":{"line":25,"column":1},"end":{"line":25,"column":32}},"12":{"start":{"line":26,"column":1},"end":{"line":28,"column":2}},"13":{"start":{"line":27,"column":2},"end":{"line":27,"column":32}},"14":{"start":{"line":29,"column":1},"end":{"line":31,"column":2}},"15":{"start":{"line":30,"column":2},"end":{"line":30,"column":30}},"16":{"start":{"line":32,"column":1},"end":{"line":37,"column":2}},"17":{"start":{"line":33,"column":2},"end":{"line":33,"column":40}},"18":{"start":{"line":34,"column":2},"end":{"line":34,"column":33}},"19":{"start":{"line":35,"column":8},"end":{"line":37,"column":2}},"20":{"start":{"line":36,"column":2},"end":{"line":36,"column":33}},"21":{"start":{"line":40,"column":0},"end":{"line":47,"column":1}},"22":{"start":{"line":41,"column":1},"end":{"line":41,"column":30}},"23":{"start":{"line":42,"column":1},"end":{"line":42,"column":32}},"24":{"start":{"line":44,"column":1},"end":{"line":46,"column":2}},"25":{"start":{"line":45,"column":2},"end":{"line":45,"column":15}},"26":{"start":{"line":49,"column":0},"end":{"line":92,"column":1}},"27":{"start":{"line":50,"column":1},"end":{"line":50,"column":28}},"28":{"start":{"line":51,"column":1},"end":{"line":54,"column":2}},"29":{"start":{"line":52,"column":2},"end":{"line":52,"column":105}},"30":{"start":{"line":53,"column":2},"end":{"line":53,"column":35}},"31":{"start":{"line":55,"column":1},"end":{"line":60,"column":16}},"32":{"start":{"line":61,"column":1},"end":{"line":61,"column":59}},"33":{"start":{"line":63,"column":1},"end":{"line":66,"column":5}},"34":{"start":{"line":64,"column":2},"end":{"line":64,"column":42}},"35":{"start":{"line":65,"column":2},"end":{"line":65,"column":42}},"36":{"start":{"line":68,"column":1},"end":{"line":74,"column":5}},"37":{"start":{"line":69,"column":2},"end":{"line":69,"column":39}},"38":{"start":{"line":70,"column":2},"end":{"line":70,"column":50}},"39":{"start":{"line":71,"column":2},"end":{"line":71,"column":28}},"40":{"start":{"line":72,"column":2},"end":{"line":72,"column":35}},"41":{"start":{"line":73,"column":2},"end":{"line":73,"column":29}},"42":{"start":{"line":76,"column":1},"end":{"line":82,"column":2}},"43":{"start":{"line":77,"column":2},"end":{"line":77,"column":51}},"44":{"start":{"line":78,"column":2},"end":{"line":78,"column":68}},"45":{"start":{"line":79,"column":2},"end":{"line":79,"column":35}},"46":{"start":{"line":80,"column":2},"end":{"line":80,"column":29}},"47":{"start":{"line":81,"column":2},"end":{"line":81,"column":28}},"48":{"start":{"line":84,"column":1},"end":{"line":84,"column":39}},"49":{"start":{"line":86,"column":1},"end":{"line":86,"column":28}},"50":{"start":{"line":87,"column":1},"end":{"line":90,"column":25}},"51":{"start":{"line":89,"column":3},"end":{"line":89,"column":15}},"52":{"start":{"line":91,"column":1},"end":{"line":91,"column":34}},"53":{"start":{"line":94,"column":0},"end":{"line":123,"column":1}},"54":{"start":{"line":95,"column":1},"end":{"line":95,"column":30}},"55":{"start":{"line":96,"column":1},"end":{"line":96,"column":32}},"56":{"start":{"line":97,"column":1},"end":{"line":97,"column":44}},"57":{"start":{"line":98,"column":1},"end":{"line":98,"column":50}},"58":{"start":{"line":99,"column":1},"end":{"line":99,"column":41}},"59":{"start":{"line":100,"column":1},"end":{"line":105,"column":2}},"60":{"start":{"line":101,"column":2},"end":{"line":101,"column":21}},"61":{"start":{"line":102,"column":2},"end":{"line":102,"column":29}},"62":{"start":{"line":103,"column":2},"end":{"line":103,"column":41}},"63":{"start":{"line":104,"column":2},"end":{"line":104,"column":47}},"64":{"start":{"line":107,"column":1},"end":{"line":122,"column":2}},"65":{"start":{"line":108,"column":2},"end":{"line":108,"column":20}},"66":{"start":{"line":109,"column":8},"end":{"line":122,"column":2}},"67":{"start":{"line":110,"column":2},"end":{"line":113,"column":7}},"68":{"start":{"line":112,"column":4},"end":{"line":112,"column":16}},"69":{"start":{"line":114,"column":2},"end":{"line":114,"column":41}},"70":{"start":{"line":115,"column":2},"end":{"line":115,"column":20}},"71":{"start":{"line":116,"column":8},"end":{"line":122,"column":2}},"72":{"start":{"line":117,"column":2},"end":{"line":117,"column":40}},"73":{"start":{"line":118,"column":8},"end":{"line":122,"column":2}},"74":{"start":{"line":119,"column":2},"end":{"line":119,"column":83}},"75":{"start":{"line":121,"column":2},"end":{"line":121,"column":33}},"76":{"start":{"line":125,"column":0},"end":{"line":127,"column":1}},"77":{"start":{"line":126,"column":1},"end":{"line":126,"column":37}},"78":{"start":{"line":129,"column":0},"end":{"line":145,"column":1}},"79":{"start":{"line":130,"column":1},"end":{"line":130,"column":10}},"80":{"start":{"line":131,"column":1},"end":{"line":143,"column":2}},"81":{"start":{"line":132,"column":2},"end":{"line":132,"column":19}},"82":{"start":{"line":133,"column":8},"end":{"line":143,"column":2}},"83":{"start":{"line":134,"column":2},"end":{"line":134,"column":16}},"84":{"start":{"line":135,"column":8},"end":{"line":143,"column":2}},"85":{"start":{"line":136,"column":2},"end":{"line":136,"column":21}},"86":{"start":{"line":138,"column":2},"end":{"line":142,"column":3}},"87":{"start":{"line":139,"column":3},"end":{"line":139,"column":29}},"88":{"start":{"line":141,"column":3},"end":{"line":141,"column":20}},"89":{"start":{"line":144,"column":1},"end":{"line":144,"column":13}},"90":{"start":{"line":147,"column":0},"end":{"line":149,"column":1}},"91":{"start":{"line":148,"column":1},"end":{"line":148,"column":111}},"92":{"start":{"line":151,"column":0},"end":{"line":153,"column":1}},"93":{"start":{"line":152,"column":1},"end":{"line":152,"column":28}},"94":{"start":{"line":155,"column":0},"end":{"line":162,"column":1}},"95":{"start":{"line":156,"column":1},"end":{"line":161,"column":3}},"96":{"start":{"line":164,"column":0},"end":{"line":164,"column":21}}},"branchMap":{"1":{"line":26,"type":"if","locations":[{"start":{"line":26,"column":1},"end":{"line":26,"column":1}},{"start":{"line":26,"column":1},"end":{"line":26,"column":1}}]},"2":{"line":26,"type":"binary-expr","locations":[{"start":{"line":26,"column":6},"end":{"line":26,"column":20}},{"start":{"line":26,"column":24},"end":{"line":26,"column":47}}]},"3":{"line":29,"type":"if","locations":[{"start":{"line":29,"column":1},"end":{"line":29,"column":1}},{"start":{"line":29,"column":1},"end":{"line":29,"column":1}}]},"4":{"line":32,"type":"if","locations":[{"start":{"line":32,"column":1},"end":{"line":32,"column":1}},{"start":{"line":32,"column":1},"end":{"line":32,"column":1}}]},"5":{"line":32,"type":"binary-expr","locations":[{"start":{"line":32,"column":6},"end":{"line":32,"column":24}},{"start":{"line":32,"column":28},"end":{"line":32,"column":37}}]},"6":{"line":35,"type":"if","locations":[{"start":{"line":35,"column":8},"end":{"line":35,"column":8}},{"start":{"line":35,"column":8},"end":{"line":35,"column":8}}]},"7":{"line":44,"type":"if","locations":[{"start":{"line":44,"column":1},"end":{"line":44,"column":1}},{"start":{"line":44,"column":1},"end":{"line":44,"column":1}}]},"8":{"line":51,"type":"if","locations":[{"start":{"line":51,"column":1},"end":{"line":51,"column":1}},{"start":{"line":51,"column":1},"end":{"line":51,"column":1}}]},"9":{"line":57,"type":"binary-expr","locations":[{"start":{"line":57,"column":2},"end":{"line":57,"column":13}},{"start":{"line":57,"column":17},"end":{"line":57,"column":30}}]},"10":{"line":58,"type":"binary-expr","locations":[{"start":{"line":58,"column":2},"end":{"line":58,"column":13}},{"start":{"line":58,"column":17},"end":{"line":58,"column":21}}]},"11":{"line":100,"type":"if","locations":[{"start":{"line":100,"column":1},"end":{"line":100,"column":1}},{"start":{"line":100,"column":1},"end":{"line":100,"column":1}}]},"12":{"line":100,"type":"binary-expr","locations":[{"start":{"line":100,"column":6},"end":{"line":100,"column":11}},{"start":{"line":100,"column":15},"end":{"line":100,"column":26}},{"start":{"line":100,"column":30},"end":{"line":100,"column":41}}]},"13":{"line":107,"type":"if","locations":[{"start":{"line":107,"column":1},"end":{"line":107,"column":1}},{"start":{"line":107,"column":1},"end":{"line":107,"column":1}}]},"14":{"line":109,"type":"if","locations":[{"start":{"line":109,"column":8},"end":{"line":109,"column":8}},{"start":{"line":109,"column":8},"end":{"line":109,"column":8}}]},"15":{"line":116,"type":"if","locations":[{"start":{"line":116,"column":8},"end":{"line":116,"column":8}},{"start":{"line":116,"column":8},"end":{"line":116,"column":8}}]},"16":{"line":118,"type":"if","locations":[{"start":{"line":118,"column":8},"end":{"line":118,"column":8}},{"start":{"line":118,"column":8},"end":{"line":118,"column":8}}]},"17":{"line":118,"type":"binary-expr","locations":[{"start":{"line":118,"column":13},"end":{"line":118,"column":33}},{"start":{"line":118,"column":37},"end":{"line":118,"column":57}}]},"18":{"line":131,"type":"if","locations":[{"start":{"line":131,"column":1},"end":{"line":131,"column":1}},{"start":{"line":131,"column":1},"end":{"line":131,"column":1}}]},"19":{"line":133,"type":"if","locations":[{"start":{"line":133,"column":8},"end":{"line":133,"column":8}},{"start":{"line":133,"column":8},"end":{"line":133,"column":8}}]},"20":{"line":135,"type":"if","locations":[{"start":{"line":135,"column":8},"end":{"line":135,"column":8}},{"start":{"line":135,"column":8},"end":{"line":135,"column":8}}]},"21":{"line":138,"type":"if","locations":[{"start":{"line":138,"column":2},"end":{"line":138,"column":2}},{"start":{"line":138,"column":2},"end":{"line":138,"column":2}}]},"22":{"line":148,"type":"binary-expr","locations":[{"start":{"line":148,"column":10},"end":{"line":148,"column":21}},{"start":{"line":148,"column":25},"end":{"line":148,"column":38}}]}},"code":["var _ = require( \"lodash\" );","var when = require( \"when\" );","var sql = require( \"mssql\" );","var Monologue = require( \"monologue.js\" ).prototype;","var log = require( \"./log\" )( \"seriate.connection\" );","","var state = {","\tpools: {},","\tconnections: {},","\tconfigurations: {},","\taliases: {}","};","","var api = _.assign( {","\tstate: state,","\tadd: addConnection,","\tclose: closeConnection,","\tget: getConnection,","\treset: resetState","}, Monologue );","","function addConnection( config ) {","\tvar name = getName( config );","\tvar original = getConfiguration( name );","\tvar alias = getAlias( config );","\tif ( alias !== name && !state.aliases[ alias ] ) {","\t\tstate.aliases[ alias ] = name;","\t}","\tif ( config.host ) {","\t\tconfig.server = config.host;","\t}","\tif ( name === \"default\" || !original ) {","\t\tstate.configurations[ name ] = config;","\t\treturn connect( name, config );","\t} else if ( alias === getAlias( original ) ) {","\t\treturn getConnection( config );","\t}","}","","function closeConnection( config ) {","\tvar name = getName( config );","\tvar pool = state.pools[ name ];","","\tif ( pool ) {","\t\tpool.close();","\t}","}","","function connect( name, config ) {","\tvar pool = getPool( name );","\tif ( pool ) {","\t\tlog.warn( \"Connection for \\\"%s\\\" that already exists - existing connection pool will be used.\", name );","\t\treturn state.connections[ name ];","\t}","\tlog.info( \"Connecting to \\\"%s\\\" ( %s:%d - %s as %s )\",","\t\tname,","\t\tconfig.host || config.server,","\t\tconfig.port || 1433,","\t\tconfig.database,","\t\tconfig.user );","\tpool = state.pools[ name ] = new sql.Connection( config );","","\tpool.on( \"connect\", function() {","\t\tapi.emit( \"connected\", { name: name } );","\t\tlog.info( \"Connected to \\\"%s\\\"\", name );","\t} );","","\tpool.on( \"close\", function() {","\t\tapi.emit( \"closed\", { name: name } );","\t\tlog.info( \"Closed connection to \\\"%s\\\"\", name );","\t\tpool.removeAllListeners();","\t\tdelete state.connections[ name ];","\t\tdelete state.pools[ name ];","\t} );","","\tfunction onConnectionError( err ) {","\t\tapi.emit( \"failed\", { name: name, error: err } );","\t\tlog.error( \"Failed to connection to \\\"%s\\\" with: %s\", name, err );","\t\tdelete state.connections[ name ];","\t\tdelete state.pools[ name ];","\t\tpool.removeAllListeners();","\t}","","\tpool.on( \"error\", onConnectionError );","","\tstate.pools[ name ] = pool;","\tstate.connections[ name ] = pool.connect()","\t\t.then( function() {","\t\t\treturn pool;","\t\t}, onConnectionError );","\treturn state.connections[ name ];","}","","function getConnection( config ) {","\tvar name = getName( config );","\tvar pool = state.pools[ name ];","\tvar connection = state.connections[ name ];","\tvar configuration = state.configurations[ name ];","\tvar aliasedName = state.aliases[ name ];","\tif ( !pool && !connection && aliasedName ) {","\t\tname = aliasedName;","\t\tpool = state.pools[ name ];","\t\tconnection = state.connections[ name ];","\t\tconfiguration = state.configurations[ name ];","\t}","","\tif ( connection ) {","\t\treturn connection;","\t} else if ( pool ) {","\t\tconnection = pool.connect()","\t\t\t.then( function() {","\t\t\t\treturn pool;","\t\t\t} );","\t\tstate.connections[ name ] = connection;","\t\treturn connection;","\t} else if ( configuration ) {","\t\treturn connect( name, configuration );","\t} else if ( config === undefined || _.isString( config ) ) {","\t\treturn when.reject( new Error( \"No connection named \\\"\" + name + \"\\\" exists\" ) );","\t} else {","\t\treturn addConnection( config );","\t}","}","","function getConfiguration( name ) {","\treturn state.conf
[...]
 \"end\", fn );","\t\t\tthis.deferredStart();","\t\t\treturn this;","\t\t},","","\t\terror: function( fn ) {","\t\t\tthis.on( \"error\", fn );","\t\t\tthis.deferredStart();","\t\t\treturn this;","\t\t},","","\t\tthen: function( success, failure ) {","\t\t\tvar deferred = when.defer();","\t\t\tfunction onSuccess( result ) {","\t\t\t\tdeferred.resolve( result );","\t\t\t}","\t\t\tfunction onFailure( error ) {","\t\t\t\tdeferred.reject( error );","\t\t\t}","","\t\t\tthis.end( onSuccess );","\t\t\tthis.error( onFailure );","","\t\t\treturn deferred.promise","\t\t\t\t.then( success, failure );","\t\t},","","\t\tabort: function() {","\t\t\tthis.handle( \"error\", \"Operation aborted\" );","\t\t}","","\t} );","","\tMonologue.mixInto( SqlContext );","","\treturn SqlContext;","};",""],"l":{"1":1,"2":1,"3":1,"4":1,"5":1,"6":1,"7":1,"8":1,"9":1,"10":1,"11":1,"12":1,"13":1,"14":1,"16":1,"18":1,"19":0,"20":0,"22":0,"23":0,"26":0,"27":0,"30":0,"31":0,"34":0,"35":0,"39":1,"41":1,"42":0,"43":0,"46":1,"47":0,"50":0,"51":0,"53":0,"58":1,"59":0,"60":0,"61":0,"63":0,"64":0,"65":0,"66":0,"67":0,"68":0,"71":0,"75":0,"78":1,"79":0,"80":0,"87":0,"88":0,"91":0,"92":0,"96":0,"97":0,"104":0,"111":1,"112":0,"113":0,"115":0,"117":0,"118":0,"119":0,"121":0,"125":0,"126":0,"127":0,"129":1,"130":0,"131":0,"133":0,"134":0,"135":0,"136":0,"137":0,"140":0,"141":0,"144":0,"155":1,"156":0,"157":0,"159":0,"161":0,"162":0,"163":0,"164":0,"167":0,"168":0,"169":0,"170":0,"171":0,"173":1,"174":0,"176":0,"177":0,"182":0,"183":0,"184":0,"185":0,"187":0,"189":0,"191":0,"194":0,"196":0,"202":0,"203":0,"206":0,"217":1,"218":0,"219":0,"221":0,"225":1,"226":0,"227":0,"230":0,"231":0,"233":0,"234":0,"235":0,"236":0,"239":0,"240":0,"246":0,"248":0,"250":0,"255":0,"259":0,"260":0,"261":0,"267":1,"268":1,"270":0,"271":0,"275":0,"281":0,"282":0,"283":0,"284":0,"285":0,"286":0,"294":0,"295":0,"296":0,"303":0,"308":0,"311":0,"312":0,"318":0,"324":0,"325":0,"328":0,"329":0,"330":0,"331":0,"332":0,"338":0,"339":0,"340":0,"341":0,"342":0,"345":0,"346":0,"350":0,"351":0,"352":0,"354":0,"359":0,"360":0,"361":0,"365":0,"366":0,"367":0,"371":0,"372":1,"373":0,"375":1,"376":0,"379":0,"380":0,"382":0,"387":0,"392":1,"394":1}},"/home/travis/build/npmtest/node-npmtest-seriate/node_modules/seriate/src/utils.js":{"path":"/home/travis/build/npmtest/node-npmtest-seriate/node_modules/seriate/src/utils.js","s":{"1":1,"2":1,"3":1,"4":1,"5":1,"6":1,"7":0,"8":1,"9":0,"10":0,"11":0,"12":0,"13":0,"14":1,"15":0,"16":0,"17":0,"18":0,"19":0,"20":0,"21":0,"22":0},"b":{"1":[0,0],"2":[0,0],"3":[0,0],"4":[0,0]},"f":{"1":0,"2":0,"3":0},"fnMap":{"1":{"name":"isAbsolutePath","line":8,"loc":{"start":{"line":8,"column":0},"end":{"line":8,"column":29}}},"2":{"name":"_getFilePath","line":12,"loc":{"start":{"line":12,"column":0},"end":{"line":12,"column":27}}},"3":{"name":"(anonymous_3)","line":25,"loc":{"start":{"line":25,"column":11},"end":{"line":25,"column":25}}}},"statementMap":{"1":{"start":{"line":1,"column":0},"end":{"line":1,"column":28}},"2":{"start":{"line":2,"column":0},"end":{"line":2,"column":25}},"3":{"start":{"line":3,"column":0},"end":{"line":3,"column":29}},"4":{"start":{"line":4,"column":0},"end":{"line":4,"column":37}},"5":{"start":{"line":6,"column":0},"end":{"line":6,"column":19}},"6":{"start":{"line":8,"column":0},"end":{"line":10,"column":1}},"7":{"start":{"line":9,"column":1},"end":{"line":9,"column":84}},"8":{"start":{"line":12,"column":0},"end":{"line":22,"column":1}},"9":{"start":{"line":16,"column":1},"end":{"line":20,"column":2}},"10":{"start":{"line":17,"column":2},"end":{"line":17,"column":25}},"11":{"start":{"line":18,"column":2},"end":{"line":18,"column":43}},"12":{"start":{"line":19,"column":2},"end":{"line":19,"column":48}},"13":{"start":{"line":21,"column":1},"end":{"line":21,"column":10}},"14":{"start":{"line":24,"column":0},"end":{"line":36,"column":2}},"15":{"start":{"line":26,"column":2},"end":{"line":26,"column":24}},"16":{"start":{"line":27,"column":2},"end":{"line":27,"column":30}},"17":{"start":{"line":28,"column":2},"end":{"line":28,"column":78}},"18":{"start":{"line":29,"column":2},"end":{"line":29,"column":31}},"19":{"start":{"line":30,"column":2},"end":{"line":33,"column":3}},"20":{"start":{"line":31,"column":3},"end":{"line":31,"column":56}},"21":{"start":{"line":32,"column":3},"end":{"line":32,"column":28}},"22":{"start":{"line":34,"column":2},"end":{"line":34,"column":17}}},"branchMap":{"1":{"line":16,"type":"if","locations":[{"start":{"line":16,"column":1},"end":{"line":16,"column":1}},{"start":{"line":16,"column":1},"end":{"line":16,"column":1}}]},"2":{"line":28,"type":"cond-expr","locations":[{"start":{"line":28,"column":26},"end":{"line":28,"column":35}},{"start":{"line":28,"column":40},"end":{"line":28,"column":77}}]},"3":{"line":28,"type":"cond-expr","locations":[{"start":{"line":28,"column":63},"end":{"line":28,"column":73}},{"start":{"line":28,"column":76},"end":{"line":28,"column":77}}]},"4":{"line":30,"type":"if","locations":[{"start":{"line":30,"column":2},"end":{"line":30,"column":2}},{"start":{"line":30,"column":2},"end":{"line":30,"column":2}}]}},"code":["var _ = require( \"lodash\" );","var fs = require( \"fs\" );","var path = require( \"path\" );","var callsite = require( \"callsite\" );","","var fileCache = {};","","function isAbsolutePath( p ) {","\treturn path.resolve( p ) === path.normalize( p ).replace( /(.+)([\\/|\\\\])$/, \"$1\" );","}","","function _getFilePath( p ) {","\t// If we're not dealing with an absolute path, then we","\t// need to get the *calling* code's directory, since","\t// the sql file is being referenced relative to that location","\tif ( !isAbsolutePath( p ) ) {","\t\tvar stack = callsite();","\t\tvar requester = stack[ 2 ].getFileName();","\t\tp = path.join( path.dirname( requester ), p );","\t}","\treturn p;","}","","module.exports = {","\tfromFile: function( p ) {","\t\tp = _getFilePath( p );","\t\tvar ext = path.extname( p );","\t\tp = ( ext === \".\" ) ? ( p + \"sql\" ) : ( ext.length === 0 ) ? p + \".sql\" : p;","\t\tvar content = fileCache[ p ];","\t\tif ( _.isEmpty( content ) ) {","\t\t\tcontent = fs.readFileSync( p, { encoding: \"utf8\" } );","\t\t\tfileCache[ p ] = content;","\t\t}","\t\treturn content;","\t}","};",""],"l":{"1":1,"2":1,"3":1,"4":1,"6":1,"8":1,"9":0,"12":1,"16":0,"17":0,"18":0,"19":0,"21":0,"24":1,"26":0,"27":0,"28":0,"29":0,"30":0,"31":0,"32":0,"34":0}},"/home/travis/build/npmtest/node-npmtest-seriate/node_modules/seriate/src/transactionContext.js":{"path":"/home/travis/build/npmtest/node-npmtest-seriate/node_modules/seriate/src/transactionContext.js","s":{"1":1,"2":1,"3":1,"4":1,"5":1,"6":1,"7":0,"8":0,"9":1,"10":1,"11":0,"12":0,"13":0,"14":0,"15":0,"16":0,"17":0,"18":0,"19":0,"20":0,"21":0,"22":0,"23":0,"24":0,"25":0,"26":0,"27":0,"28":0,"29":0,"30":0,"31":0,"32":0,"33":0,"34":0,"35":0,"36":0,"37":0,"38":0,"39":0,"40":0,"41":0,"42":0,"43":0,"44":0,"45":0,"46":0,"47":0,"48":0,"49":0,"50":0,"51":0,"52":0,"53":0,"54":0,"55":0,"56":0,"57":0,"58":1},"b":{"1":[0,0],"2":[0,0],"3":[0,0],"4":[0,0],"5":[0,0],"6":[0,0],"7":[0,0],"8":[0,0],"9":[0,0],"10":[0,0],"11":[0,0]},"f":{"1":0,"2":1,"3":0,"4":0,"5":0,"6":0,"7":0,"8":0,"9":0,"10":0,"11":0,"12":0,"13":0,"14":0,"15":0,"16":0},"fnMap":{"1":{"name":"errorHandler","line":7,"loc":{"start":{"line":7,"column":0},"end":{"line":7,"column":29}}},"2":{"name":"(anonymous_2)","line":12,"loc":{"start":{"line":12,"column":17},"end":{"line":12,"column":40}}},"3":{"name":"(anonymous_3)","line":19,"loc":{"start":{"line":19,"column":14},"end":{"line":19,"column":25}}},"4":{"name":"(anonymous_4)","line":20,"loc":{"start":{"line":20,"column":18},"end":{"line":20,"column":34}}},"5":{"name":"(anonymous_5)","line":43,"loc":{"start":{"line":43,"column":13},"end":{"line":43,"column":24}}},"6":{"name":"(anonymous_6)","line":49,"loc":{"start":{"line":49,"column":14},"end":{"line":49,"column":25}}},"7":{"name":"(anonymous_7)","line":54,"loc":{"start":{"line":54,"column":15},"end":{"line":54,"column":26}}},"8":{"name":"(anonymous_8)","line":55,"loc":{"start":{"line":55,"column":29},"end":{"line":55,"column":57}}},"9":{"name":"(anonymous_9)","line":56,"loc":{"start":{"line":56,"column":34},"end":{"line":56,"column":58}}},"10":{"name":"(anonymous_10)","line":58,"loc":{"start":{"line":58,"column":38},"end":{"line":58,"column":62}}},"11":{"name":"(anonymous_11)","line":75,"loc":{"start":{"line":75,"column":17},"end":{"line":75,"column":28}}},"12":{"name":"(anonymous_12)","line":76,"loc":{"start":{"line":76,"column":29},"end":{"line":76,"column":57}}},"13":{"name":"(anonymous_13)","line":77,"loc":{"start":{"line":77,"column":36},"end":{"line":77,"column":52}}},"14":{"name":"(anonymous_14)","line":92,"loc":{"start":{"line":92,"column":14},"end":{"line":92,"column":25}}},"15":{"name":"(anonymous_15)","line":93,"loc":{"start":{"line":93,"column":78},"end":{"line":93,"column":96}}},"16":{"name":"(anonymous_16)","line":102,"loc":{"start":{"line":102,"column":33},"end":{"line":102,"column":57}}}},"statementMap":{"1":{"start":{"line":1,"column":0},"end":{"line":1,"column":28}},"2":{"start":{"line":2,"column":0},"end":{"line":2,"column":29}},"3":{"start":{"line":3,"column":0},"end":{"line":3,"column":29}},"4":{"start":{"line":4,"column":0},"end":{"line":4,"column":54}},"5":{"start":{"line":5,"column":0},"end":{"line":5,"column":29}},"6":{"start":{"line":7,"column":0},"end":{"line":10,"column":1}},"7":{"start":{"line":8,"column":1},"end":{"line":8,"column":16}},"8":{"start":{"line":9,"column":1},"end":{"line":9,"column":28}},"9":{"start":{"line":12,"column":0},"end":{"line":123,"column":2}},"10":{"start":{"line":13,"column":1},"end":{"line":120,"column":5}},"11":{"start":{"line":20,"column":5},"end":{"line":26,"column":22}},"12":{"start":{"line":21,"column":6},"end":{"line":25,"column":7}},"13":{"start":{"line":22,"column":7},"end":{"line":22,"column":35}},"14":{"start":{"line":24,"column":7},"end":{"line":24,"column":32}},"15":{"start":{"line":28,"column":5},"end":{"line":38,"column":6}},"16":{"start":{"line":29,"column":6},"end":{"line":29,"column":47}},"17":{"start":{"line":30,"column":6},"end":{"line":36,"column":7}},"18":{"start":{"line":31,"column":7},"end":{"line":31,"column":81}},"19":{"start":{"line":32,"column":7},"end":{"line":35,"column":8}},"20":{"start":{"line":33,"column":8},"end":{"line":33,"column":90}},"21":{"start":{"line":34,"column":8},"end":{"line":34,"column":36}},"22":{"start":{"line":37,"column":6},"end":{"line":37,"column":37}},"23":{"start":{"line":40,"column":5},"end":{"line":40,"column":83}},"24":{"start":{"line":41,"column":5},"end":{"line":41,"column":60}},"25":{"start":{"line":44,"column":5},"end":{"line":44,"column":22}},"26":{"start":{"line":50,"column":5},"end":{"line":50,"column":21}},"27":{"start":{"line":51,"column":5},"end":{"line":88,"column":9}},"28":{"start":{"line":55,"column":8},"end":{"line":73,"column":12}},"29":{"start":{"line":56,"column":9},"end":{"line":72,"column":13}},"30":{"start":{"line":57,"column":10},"end":{"line":71,"column":11}},"31":{"start":{"line":58,"column":11},"end":{"line":68,"column":15}},"32":{"start":{"line":59,"column":12},"end":{"line":67,"column":13}},"33":{"start":{"line":60,"column":13},"end":{"line":62,"column":28}},"34":{"start":{"line":63,"column":13},"end":{"line":63,"column":34}},"35":{"start":{"line":64,"column":13},"end":{"line":64,"column":44}},"36":{"start":{"line":66,"column":13},"end":{"line":66,"column":35}},"37":{"start":{"line":70,"column":11},"end":{"line":70,"column":21}},"38":{"start":{"line":76,"column":8},"end":{"line":85,"column":12}},"39":{"start":{"line":77,"column":9},"end":{"line":84,"column":13}},"40":{"start":{"line":78,"column":10},"end":{"line":83,"column":11}},"41":{"start":{"line":79,"column":11},"end":{"line":79,"column":77}},"42":{"start":{"line":80,"column":11},"end":{"line":80,"column":25}},"43":{"start":{"line":82,"column":11},"end":{"line":82,"column":21}},"44":{"start":{"line":93,"column":5},"end":{"line":95,"column":20}},"45":{"start":{"line":94,"column":6},"end":{"line":94,"column":53}},"46":{"start":{"line":97,"column":5},"end":{"line":97,"column":157}},"47":{"start":{"line":98,"column":5},"end":{"line":98,"column":32}},"48":{"start":{"line":99,"column":5},"end":{"line":99,"column":37}},"49":{"start":{"line":101,"column":5},"end":{"line":116,"column":6}},"50":{"start":{"line":102,"column":6},"end":{"line":112,"column":23}},"51":{"start":{"line":103,"column":7},"end":{"line":109,"column":8}},"52":{"start":{"line":104,"column":8},"end":{"line":107,"column":28}},"53":{"start":{"line":108,"column":8},"end":{"line":108,"column":35}},"54":{"start":{"line":110,"column":7},"end":{"line":110,"column":28}},"55":{"start":{"line":111,"column":7},"end":{"line":111,"column":38}},"56":{"start":{"line":114,"column":6},"end":{"line":114,"column":27}},"57":{"start":{"line":115,"column":6},"end":{"line":115,"column":37}},"58":{"start":{"line":122,"column":1},"end":{"line":122,"column":27}}},"branchMap":{"1":{"line":21,"type":"if","locations":[{"start":{"line":21,"column":6},"end":{"line":21,"column":6}},{"start":{"line":21,"column":6},"end":{"line":21,"column":6}}]},"2":{"line":28,"type":"if","locations":[{"start":{"line":28,"column":5},"end":{"line":28,"column":5}},{"start":{"line":28,"column":5},"end":{"line":28,"column":5}}]},"3":{"line":30,"type":"if","locations":[{"start":{"line":30,"column":6},"end":{"line":30,"column":6}},{"start":{"line":30,"column":6},"end":{"line":30,"column":6}}]},"4":{"line":32,"type":"if","locations":[{"start":{"line":32,"column":7},"end":{"line":32,"column":7}},{"start":{"line":32,"column":7},"end":{"line":32,"column":7}}]},"5":{"line":40,"type":"binary-expr","locations":[{"start":{"line":40,"column":24},"end":{"line":40,"column":40}},{"start":{"line":40,"column":44},"end":{"line":40,"column":82}}]},"6":{"line":57,"type":"if","locations":[{"start":{"line":57,"column":10},"end":{"line":57,"column":10}},{"start":{"line":57,"column":10},"end":{"line":57,"column":10}}]},"7":{"line":59,"type":"if","locations":[{"start":{"line":59,"column":12},"end":{"line":59,"column":12}},{"start":{"line":59,"column":12},"end":{"line":59,"column":12}}]},"8":{"line":78,"type":"if","locations":[{"start":{"line":78,"column":10},"end":{"line":78,"column":10}},{"start":{"line":78,"column":10},"end":{"line":78,"column":10}}]},"9":{"line":93,"type":"binary-expr","locations":[{"start":{"line":93,"column":40},"end":{"line":93,"column":48}},{"start":{"line":93,"column":52},"end":{"line":93,"column":76}}]},"10":{"line":101,"type":"if","locations":[{"start":{"line":101,"column":5},"end":{"line":101,"column":5}},{"start":{"line":101,"column":5},"end":{"line":101,"column":5}}]},"11":{"line":103,"type":"if","locations":[{"start":{"line":103,"column":7},"end":{"line":103,"column":7}},{"start":{"line":103,"column":7},"end":{"line":103,"column":7}}]}},"code":["var _ = require( \"lodash\" );","var when = require( \"when\" );","var util = require( \"util\" );","var log = require( \"./log\" )( \"seriate.transaction\" );","var sql = require( \"mssql\" );","","function errorHandler( err ) {","\tthis.err = err;","\tthis.transition( \"error\" );","}","","module.exports = function( SqlContext ) {","\tvar TransactionContext = SqlContext.extend( {","\t\tstates: {","\t\t\tconnecting: {","\t\t\t\tsuccess: \"startingTransaction\"","\t\t\t},","\t\t\tstartingTransaction: {","\t\t\t\t_onEnter: function() {","\t\t\t\t\tvar args = [ function( err ) {","\t\t\t\t\t\tif ( err ) {","\t\t\t\t\t\t\tthis.handle( \"error\", err );","\t\t\t\t\t\t} else {","\t\t\t\t\t\t\tthis.handle( \"success\" );","\t\t\t\t\t\t}","\t\t\t\t\t}.bind( this ) ];","","\t\t\t\t\tif ( this.isolationLevel ) {","\t\t\t\t\t\tvar isolationLevel = this.isolationLevel;","\t\t\t\t\t\tif ( _.isString( this.isolationLevel ) ) {","\t\t\t\t\t\t\tisolationLevel = sql.ISOLATION_LEVEL[ this.isolationLevel.toUpperCase() ];","\t\t\t\t\t\t\tif ( isolationLevel === undefined ) {","\t\t\t\t\t\t\t\tvar err = new Error( \"Unknown isolation level: \\\"\" + this.isolationLevel + \"\\\"\" );","\t\t\t\t\t\t\t\tthis.handle( \"error\", err );","\t\t\t\t\t\t\t}","\t\t\t\t\t\t}","\t\t\t\t\t\targs.unshift( isolationLevel );","\t\t\t\t\t}","","\t\t\t\t\tthis.transaction = this.transaction || new sql.Transaction( this.connection );","\t\t\t\t\tthis.transaction.begin.apply( this.transaction, args );","\t\t\t\t},","\t\t\t\tsuccess: function() {","\t\t\t\t\tthis.nextState();","\t\t\t\t},","\t\t\t\terror: errorHandler","\t\t\t},","\t\t\tdone: {","\t\t\t\t_onEnter: function() {","\t\t\t\t\tvar self = this;","\t\t\t\t\tself.emit( \"end\", {","\t\t\t\t\t\tsets: self.results,","\t\t\t\t\t\ttransaction: {","\t\t\t\t\t\t\tcommit: function() {","\t\t\t\t\t\t\t\treturn when.promise( function( resolve, reject ) {","\t\t\t\t\t\t\t\t\tself.transaction.commit( function( commitError ) {","\t\t\t\t\t\t\t\t\t\tif ( commitError ) {","\t\t\t\t\t\t\t\t\t\t\tself.transaction.rollback( function( rollbackErr ) {","\t\t\t\t\t\t\t\t\t\t\t\tif ( rollbackErr ) {","\t\t\t\t\t\t\t\t\t\t\t\t\tvar message = util.format( \"Error occurred during automatic roll back after a commit error.\\n\\tCommit error: %s\\n\\tRollback error: %s\\n\",","\t\t\t\t\t\t\t\t\t\t\t\t\t\tcommitError,","\t\t\t\t\t\t\t\t\t\t\t\t\t\trollbackErr );","\t\t\t\t\t\t\t\t\t\t\t\t\tlog.error( message );","\t\t\t\t\t\t\t\t\t\t\t\t\treject( new Error( message ) );","\t\t\t\t\t\t\t\t\t\t\t\t} else {","\t\t\t\t\t\t\t\t\t\t\t\t\treject( commitError );","\t\t\t\t\t\t\t\t\t\t\t\t}","\t\t\t\t\t\t\t\t\t\t\t} );","\t\t\t\t\t\t\t\t\t\t} else {","\t\t\t\t\t\t\t\t\t\t\tresolve();","\t\t\t\t\t\t\t\t\t\t}","\t\t\t\t\t\t\t\t\t} );","\t\t\t\t\t\t\t\t} );","\t\t\t\t\t\t\t},","\t\t\t\t\t\t\trollback: function() {","\t\t\t\t\t\t\t\treturn when.promise( function( resolve, reject ) {","\t\t\t\t\t\t\t\t\tself.transaction.rollback( function( err ) {","\t\t\t\t\t\t\t\t\t\tif ( err ) {","\t\t\t\t\t\t\t\t\t\t\tlog.error( \"Error occurred while rolling back: %s\", err.message );","\t\t\t\t\t\t\t\t\t\t\treject( err );","\t\t\t\t\t\t\t\t\t\t} else {","\t\t\t\t\t\t\t\t\t\t\tresolve();","\t\t\t\t\t\t\t\t\t\t}","\t\t\t\t\t\t\t\t\t} );","\t\t\t\t\t\t\t\t} );","\t\t\t\t\t\t\t}","\t\t\t\t\t\t}","\t\t\t\t\t} );","\t\t\t\t}","\t\t\t},","\t\t\terror: {","\t\t\t\t_onEnter: function() {","\t\t\t\t\tvar precedingErrorMessage = _.map( this.err && this.err.precedingErrors, function( error ) {","\t\t\t\t\t\treturn \"\\n\\tPreceding error: \" + error.message;","\t\t\t\t\t} ).join( \"\" );","","\t\t\t\t\tvar message = util.format( \"TransactionContext Error. Failed on step \\\"%s\\\" with: \\\"%s\\\"%s\", this.priorState, this.err.message, precedingErrorMessage );","\t\t\t\t\tthis.err.message = message;","\t\t\t\t\tthis.err.step = this.priorState;","","\t\t\t\t\tif ( this.transaction ) {","\t\t\t\t\t\tthis.transaction.rollback( function( rollbackErr ) {","\t\t\t\t\t\t\tif ( rollbackErr ) {","\t\t\t\t\t\t\t\tmessage = util.format( \"Error occurred during automatic roll back after error on transaction on step %s.\\n\\tTransaction error: %s\\n\\tRollback error: %s\\n\",","\t\t\t\t\t\t\t\t\t\t\t\t\t\tthis.priorState,","\t\t\t\t\t\t\t\t\t\t\t\t\t\tthis.err.message,","\t\t\t\t\t\t\t\t\t\t\t\t\t\trollbackErr );","\t\t\t\t\t\t\t\tthis.err.message = message;","\t\t\t\t\t\t\t}","\t\t\t\t\t\t\tlog.error( message );","\t\t\t\t\t\t\tthis.emit( \"error\", this.err );","\t\t\t\t\t\t}.bind( this ) );","\t\t\t\t\t} else {","\t\t\t\t\t\tlog.error( message );","\t\t\t\t\t\tthis.emit( \"error\", this.err );","\t\t\t\t\t}","\t\t\t\t}","\t\t\t}","\t\t}","\t} );","","\treturn TransactionContext;","};",""],"l":{"1":1,"2":1,"3":1,"4":1,"5":1,"7":1,"8":0,"9":0,"12":1,"13":1,"20":0,"21":0,"22":0,"24":0,"28":0,"29":0,"30":0,"31":0,"32":0,"33":0,"34":0,"37":0,"40":0,"41":0,"44":0,"50":0,"51":0,"55":0,"56":0,"57":0,"58":0,"59":0,"60":0,"63":0,"64":0,"66":0,"70":0,"76":0,"77":0,"78":0,"79":0,"80":0,"82":0,"93":0,"94":0,"97":0,"98":0,"99":0,"101":0,"102":0,"103":0,"104":0,"108":0,"110":0,"111":0,"114":0,"115":0,"122":1}}}